This is pdfTeX, Version 3.14159265-2.6-1.40.17 (TeX Live 2016) (preloaded format=pdflatex 2016.8.5)  29 MAY 2017 18:29
entering extended mode
 restricted \write18 enabled.
 %&-line parsing enabled.
**main.tex
(./main.tex
LaTeX2e <2016/03/31> patch level 3
Babel <3.9r> and hyphenation patterns for 53 language(s) loaded.
(./acmart.cls
Document Class: acmart 2017/05/14 v1.39 Typesetting articles for Association of
 Computing Machinery
(/home/pnovotny/texlive/2016/texmf-dist/tex/latex/xkeyval/xkeyval.sty
Package: xkeyval 2014/12/03 v2.7a package option processing (HA)

(/home/pnovotny/texlive/2016/texmf-dist/tex/generic/xkeyval/xkeyval.tex
(/home/pnovotny/texlive/2016/texmf-dist/tex/generic/xkeyval/xkvutils.tex
\XKV@toks=\toks14
\XKV@tempa@toks=\toks15

(/home/pnovotny/texlive/2016/texmf-dist/tex/generic/xkeyval/keyval.tex))
\XKV@depth=\count79
File: xkeyval.tex 2014/12/03 v2.7a key=value parser (HA)
))
(/home/pnovotny/texlive/2016/texmf-dist/tex/generic/xstring/xstring.sty
(/home/pnovotny/texlive/2016/texmf-dist/tex/generic/xstring/xstring.tex
\@xs@message=\write3
\integerpart=\count80
\decimalpart=\count81
)
Package: xstring 2013/10/13  v1.7c  String manipulations (C Tellechea)
)
Package acmart Info: Not using screen mode on input line 73.
Package acmart Info: Not using review mode on input line 81.
Package acmart Info: Not using authorversion mode on input line 89.
Package acmart Info: Explicitly selecting natbib mode on input line 97.
Package acmart Info: Not using anonymous mode on input line 105.
Package acmart Info: Not using timestamp mode on input line 113.
Package acmart Info: Not using authordraft mode on input line 123.
Package acmart Info: Using anonymous mode on input line 132.
Class acmart Info: Using format acmsmall, number 1 on input line 132.
Class acmart Info: Using fontsize 10pt on input line 190.

(/home/pnovotny/texlive/2016/texmf-dist/tex/latex/amscls/amsart.cls
Document Class: amsart 2015/03/04 v2.20.2
\linespacing=\dimen102
\normalparindent=\dimen103
\normaltopskip=\skip41
(/home/pnovotny/texlive/2016/texmf-dist/tex/latex/amsmath/amsmath.sty
Package: amsmath 2016/06/28 v2.15d AMS math features
\@mathmargin=\skip42

For additional information on amsmath, use the `?' option.
(/home/pnovotny/texlive/2016/texmf-dist/tex/latex/amsmath/amstext.sty
Package: amstext 2000/06/29 v2.01 AMS text

(/home/pnovotny/texlive/2016/texmf-dist/tex/latex/amsmath/amsgen.sty
File: amsgen.sty 1999/11/30 v2.0 generic functions
\@emptytoks=\toks16
\ex@=\dimen104
))
(/home/pnovotny/texlive/2016/texmf-dist/tex/latex/amsmath/amsbsy.sty
Package: amsbsy 1999/11/29 v1.2d Bold Symbols
\pmbraise@=\dimen105
)
(/home/pnovotny/texlive/2016/texmf-dist/tex/latex/amsmath/amsopn.sty
Package: amsopn 2016/03/08 v2.02 operator names
)
\inf@bad=\count82
LaTeX Info: Redefining \frac on input line 199.
\uproot@=\count83
\leftroot@=\count84
LaTeX Info: Redefining \overline on input line 297.
\classnum@=\count85
\DOTSCASE@=\count86
LaTeX Info: Redefining \ldots on input line 394.
LaTeX Info: Redefining \dots on input line 397.
LaTeX Info: Redefining \cdots on input line 518.
\Mathstrutbox@=\box26
\strutbox@=\box27
\big@size=\dimen106
LaTeX Font Info:    Redeclaring font encoding OML on input line 634.
LaTeX Font Info:    Redeclaring font encoding OMS on input line 635.
\macc@depth=\count87
\c@MaxMatrixCols=\count88
\dotsspace@=\muskip10
\c@parentequation=\count89
\dspbrk@lvl=\count90
\tag@help=\toks17
\row@=\count91
\column@=\count92
\maxfields@=\count93
\andhelp@=\toks18
\eqnshift@=\dimen107
\alignsep@=\dimen108
\tagshift@=\dimen109
\tagwidth@=\dimen110
\totwidth@=\dimen111
\lineht@=\dimen112
\@envbody=\toks19
\multlinegap=\skip43
\multlinetaggap=\skip44
\mathdisplay@stack=\toks20
LaTeX Info: Redefining \[ on input line 2739.
LaTeX Info: Redefining \] on input line 2740.
)
LaTeX Font Info:    Try loading font information for U+msa on input line 388.

(/home/pnovotny/texlive/2016/texmf-dist/tex/latex/amsfonts/umsa.fd
File: umsa.fd 2013/01/14 v3.01 AMS symbols A
)
(/home/pnovotny/texlive/2016/texmf-dist/tex/latex/amsfonts/amsfonts.sty
Package: amsfonts 2013/01/14 v3.01 Basic AMSFonts support
\symAMSa=\mathgroup4
\symAMSb=\mathgroup5
LaTeX Font Info:    Overwriting math alphabet `\mathfrak' in version `bold'
(Font)                  U/euf/m/n --> U/euf/b/n on input line 106.
)
\copyins=\insert199
\abstractbox=\box28
\listisep=\skip45
\c@part=\count94
\c@section=\count95
\c@subsection=\count96
\c@subsubsection=\count97
\c@paragraph=\count98
\c@subparagraph=\count99
\c@figure=\count100
\c@table=\count101
\abovecaptionskip=\skip46
\belowcaptionskip=\skip47
\captionindent=\dimen113
\thm@style=\toks21
\thm@bodyfont=\toks22
\thm@headfont=\toks23
\thm@notefont=\toks24
\thm@headpunct=\toks25
\thm@preskip=\skip48
\thm@postskip=\skip49
\thm@headsep=\skip50
\dth@everypar=\toks26
)
(/home/pnovotny/texlive/2016/texmf-dist/tex/latex/microtype/microtype.sty
Package: microtype 2016/05/14 v2.6a Micro-typographical refinements (RS)
\MT@toks=\toks27
\MT@count=\count102
LaTeX Info: Redefining \textls on input line 774.
\MT@outer@kern=\dimen114
LaTeX Info: Redefining \textmicrotypecontext on input line 1310.
\MT@listname@count=\count103

(/home/pnovotny/texlive/2016/texmf-dist/tex/latex/microtype/microtype-pdftex.de
f
File: microtype-pdftex.def 2016/05/14 v2.6a Definitions specific to pdftex (RS)

LaTeX Info: Redefining \lsstyle on input line 916.
LaTeX Info: Redefining \lslig on input line 916.
\MT@outer@space=\skip51
)
Package microtype Info: Loading configuration file microtype.cfg.
 (/home/pnovotny/texlive/2016/texmf-dist/tex/latex/microtype/microtype.cfg
File: microtype.cfg 2016/05/14 v2.6a microtype main configuration file (RS)
))
(/home/pnovotny/texlive/2016/texmf-dist/tex/latex/totpages/totpages.sty
Package: totpages 2005/09/19 v2.00 Totpages Package (muewi)

(/home/pnovotny/texlive/2016/texmf-dist/tex/latex/ms/everyshi.sty
Package: everyshi 2001/05/15 v3.00 EveryShipout Package (MS)
))
(/home/pnovotny/texlive/2016/texmf-dist/tex/latex/environ/environ.sty
Package: environ 2014/05/04 v0.3 A new way to define environments

(/home/pnovotny/texlive/2016/texmf-dist/tex/latex/trimspaces/trimspaces.sty
Package: trimspaces 2009/09/17 v1.1 Trim spaces around a token list
))
(/home/pnovotny/texlive/2016/texmf-dist/tex/latex/natbib/natbib.sty
Package: natbib 2010/09/13 8.31b (PWD, AO)
\bibhang=\skip52
\bibsep=\skip53
LaTeX Info: Redefining \cite on input line 694.
\c@NAT@ctr=\count104
)
(/home/pnovotny/texlive/2016/texmf-dist/tex/latex/hyperref/hyperref.sty
Package: hyperref 2016/06/24 v6.83q Hypertext links for LaTeX

(/home/pnovotny/texlive/2016/texmf-dist/tex/generic/oberdiek/hobsub-hyperref.st
y
Package: hobsub-hyperref 2016/05/16 v1.14 Bundle oberdiek, subset hyperref (HO)


(/home/pnovotny/texlive/2016/texmf-dist/tex/generic/oberdiek/hobsub-generic.sty
Package: hobsub-generic 2016/05/16 v1.14 Bundle oberdiek, subset generic (HO)
Package: hobsub 2016/05/16 v1.14 Construct package bundles (HO)
Package: infwarerr 2016/05/16 v1.4 Providing info/warning/error messages (HO)
Package: ltxcmds 2016/05/16 v1.23 LaTeX kernel commands for general use (HO)
Package: ifluatex 2016/05/16 v1.4 Provides the ifluatex switch (HO)
Package ifluatex Info: LuaTeX not detected.
Package: ifvtex 2016/05/16 v1.6 Detect VTeX and its facilities (HO)
Package ifvtex Info: VTeX not detected.
Package: intcalc 2016/05/16 v1.2 Expandable calculations with integers (HO)
Package: ifpdf 2016/05/14 v3.1 Provides the ifpdf switch
Package: etexcmds 2016/05/16 v1.6 Avoid name clashes with e-TeX commands (HO)
Package etexcmds Info: Could not find \expanded.
(etexcmds)             That can mean that you are not using pdfTeX 1.50 or
(etexcmds)             that some package has redefined \expanded.
(etexcmds)             In the latter case, load this package earlier.
Package: kvsetkeys 2016/05/16 v1.17 Key value parser (HO)
Package: kvdefinekeys 2016/05/16 v1.4 Define keys (HO)
Package: pdftexcmds 2016/05/21 v0.22 Utility functions of pdfTeX for LuaTeX (HO
)
Package pdftexcmds Info: LuaTeX not detected.
Package pdftexcmds Info: \pdf@primitive is available.
Package pdftexcmds Info: \pdf@ifprimitive is available.
Package pdftexcmds Info: \pdfdraftmode found.
Package: pdfescape 2016/05/16 v1.14 Implements pdfTeX's escape features (HO)
Package: bigintcalc 2016/05/16 v1.4 Expandable calculations on big integers (HO
)
Package: bitset 2016/05/16 v1.2 Handle bit-vector datatype (HO)
Package: uniquecounter 2016/05/16 v1.3 Provide unlimited unique counter (HO)
)
Package hobsub Info: Skipping package `hobsub' (already loaded).
Package: letltxmacro 2016/05/16 v1.5 Let assignment for LaTeX macros (HO)
Package: hopatch 2016/05/16 v1.3 Wrapper for package hooks (HO)
Package: xcolor-patch 2016/05/16 xcolor patch
Package: atveryend 2016/05/16 v1.9 Hooks at the very end of document (HO)
Package atveryend Info: \enddocument detected (standard20110627).
Package: atbegshi 2016/06/09 v1.18 At begin shipout hook (HO)
Package: refcount 2016/05/16 v3.5 Data extraction from label references (HO)
Package: hycolor 2016/05/16 v1.8 Color options for hyperref/bookmark (HO)
) (/home/pnovotny/texlive/2016/texmf-dist/tex/generic/ifxetex/ifxetex.sty
Package: ifxetex 2010/09/12 v0.6 Provides ifxetex conditional
)
(/home/pnovotny/texlive/2016/texmf-dist/tex/latex/oberdiek/auxhook.sty
Package: auxhook 2016/05/16 v1.4 Hooks for auxiliary files (HO)
)
(/home/pnovotny/texlive/2016/texmf-dist/tex/latex/oberdiek/kvoptions.sty
Package: kvoptions 2016/05/16 v3.12 Key value format for package options (HO)
)
\@linkdim=\dimen115
\Hy@linkcounter=\count105
\Hy@pagecounter=\count106

(/home/pnovotny/texlive/2016/texmf-dist/tex/latex/hyperref/pd1enc.def
File: pd1enc.def 2016/06/24 v6.83q Hyperref: PDFDocEncoding definition (HO)
)
\Hy@SavedSpaceFactor=\count107

(/home/pnovotny/texlive/2016/texmf-dist/tex/latex/latexconfig/hyperref.cfg
File: hyperref.cfg 2002/06/06 v1.2 hyperref configuration of TeXLive
)
Package hyperref Info: Option `bookmarksnumbered' set `true' on input line 4362
.
Package hyperref Info: Option `unicode' set `true' on input line 4362.

(/home/pnovotny/texlive/2016/texmf-dist/tex/latex/hyperref/puenc.def
File: puenc.def 2016/06/24 v6.83q Hyperref: PDF Unicode definition (HO)
)
Package hyperref Info: Hyper figures OFF on input line 4486.
Package hyperref Info: Link nesting OFF on input line 4491.
Package hyperref Info: Hyper index ON on input line 4494.
Package hyperref Info: Plain pages OFF on input line 4501.
Package hyperref Info: Backreferencing OFF on input line 4506.
Package hyperref Info: Implicit mode ON; LaTeX internals redefined.
Package hyperref Info: Bookmarks ON on input line 4735.
\c@Hy@tempcnt=\count108

(/home/pnovotny/texlive/2016/texmf-dist/tex/latex/url/url.sty
\Urlmuskip=\muskip11
Package: url 2013/09/16  ver 3.4  Verb mode for urls, etc.
)
LaTeX Info: Redefining \url on input line 5088.
\XeTeXLinkMargin=\dimen116
\Fld@menulength=\count109
\Field@Width=\dimen117
\Fld@charsize=\dimen118
Package hyperref Info: Hyper figures OFF on input line 6342.
Package hyperref Info: Link nesting OFF on input line 6347.
Package hyperref Info: Hyper index ON on input line 6350.
Package hyperref Info: backreferencing OFF on input line 6357.
Package hyperref Info: Link coloring OFF on input line 6362.
Package hyperref Info: Link coloring with OCG OFF on input line 6367.
Package hyperref Info: PDF/A mode OFF on input line 6372.
LaTeX Info: Redefining \ref on input line 6412.
LaTeX Info: Redefining \pageref on input line 6416.
\Hy@abspage=\count110
\c@Item=\count111
\c@Hfootnote=\count112
)

Package hyperref Message: Driver (autodetected): hpdftex.

(/home/pnovotny/texlive/2016/texmf-dist/tex/latex/hyperref/hpdftex.def
File: hpdftex.def 2016/06/24 v6.83q Hyperref driver for pdfTeX
\Fld@listcount=\count113
\c@bookmark@seq@number=\count114

(/home/pnovotny/texlive/2016/texmf-dist/tex/latex/oberdiek/rerunfilecheck.sty
Package: rerunfilecheck 2016/05/16 v1.8 Rerun checks for auxiliary files (HO)
Package uniquecounter Info: New unique counter `rerunfilecheck' on input line 2
82.
)
\Hy@SectionHShift=\skip54
) (/home/pnovotny/texlive/2016/texmf-dist/tex/latex/graphics/graphicx.sty
Package: graphicx 2014/10/28 v1.0g Enhanced LaTeX Graphics (DPC,SPQR)

(/home/pnovotny/texlive/2016/texmf-dist/tex/latex/graphics/graphics.sty
Package: graphics 2016/07/10 v1.0t Standard LaTeX Graphics (DPC,SPQR)

(/home/pnovotny/texlive/2016/texmf-dist/tex/latex/graphics/trig.sty
Package: trig 2016/01/03 v1.10 sin cos tan (DPC)
)
(/home/pnovotny/texlive/2016/texmf-dist/tex/latex/graphics-cfg/graphics.cfg
File: graphics.cfg 2016/06/04 v1.11 sample graphics configuration
)
Package graphics Info: Driver file: pdftex.def on input line 99.

(/home/pnovotny/texlive/2016/texmf-dist/tex/latex/graphics-def/pdftex.def
File: pdftex.def 2016/07/10 v0.06j Graphics/color for pdfTeX
\Gread@gobject=\count115
))
\Gin@req@height=\dimen119
\Gin@req@width=\dimen120
)
(/home/pnovotny/texlive/2016/texmf-dist/tex/latex/xcolor/xcolor.sty
Package: xcolor 2016/05/11 v2.12 LaTeX color extensions (UK)

(/home/pnovotny/texlive/2016/texmf-dist/tex/latex/graphics-cfg/color.cfg
File: color.cfg 2016/01/02 v1.6 sample color configuration
)
Package xcolor Info: Driver file: pdftex.def on input line 225.
Package xcolor Info: Model `cmy' substituted by `cmy0' on input line 1348.
Package xcolor Info: Model `hsb' substituted by `rgb' on input line 1352.
Package xcolor Info: Model `RGB' extended on input line 1364.
Package xcolor Info: Model `HTML' substituted by `rgb' on input line 1366.
Package xcolor Info: Model `Hsb' substituted by `hsb' on input line 1367.
Package xcolor Info: Model `tHsb' substituted by `hsb' on input line 1368.
Package xcolor Info: Model `HSB' substituted by `hsb' on input line 1369.
Package xcolor Info: Model `Gray' substituted by `gray' on input line 1370.
Package xcolor Info: Model `wave' substituted by `hsb' on input line 1371.
)
(/home/pnovotny/texlive/2016/texmf-dist/tex/latex/geometry/geometry.sty
Package: geometry 2010/09/12 v5.6 Page Geometry
\Gm@cnth=\count116
\Gm@cntv=\count117
\c@Gm@tempcnt=\count118
\Gm@bindingoffset=\dimen121
\Gm@wd@mp=\dimen122
\Gm@odd@mp=\dimen123
\Gm@even@mp=\dimen124
\Gm@layoutwidth=\dimen125
\Gm@layoutheight=\dimen126
\Gm@layouthoffset=\dimen127
\Gm@layoutvoffset=\dimen128
\Gm@dimlist=\toks28
)
(/home/pnovotny/texlive/2016/texmf-dist/tex/latex/ncctools/manyfoot.sty
Package: manyfoot 2005/09/11 v1.10 Many Footnote Levels Package (NCC)

(/home/pnovotny/texlive/2016/texmf-dist/tex/latex/ncctools/nccfoots.sty
Package: nccfoots 2005/02/03 v1.2 NCC Footnotes Package (NCC)
)
\MFL@columnwidth=\dimen129
)
\footinscopyrightpermission=\insert198
\c@footnotecopyrightpermission=\count119

(/home/pnovotny/texlive/2016/texmf-dist/tex/generic/iftex/iftex.sty
Package: iftex 2013/04/04 v0.2 Provides if(tex) conditional for PDFTeX, XeTeX, 
and LuaTeX
)
(/home/pnovotny/texlive/2016/texmf-dist/tex/generic/pdftex/glyphtounicode.tex)
(/home/pnovotny/texlive/2016/texmf-dist/tex/latex/cmap/cmap.sty
Package: cmap 2008/03/06 v1.0h CMap support: searchable PDF
)
(/home/pnovotny/texlive/2016/texmf-dist/tex/latex/libertine/libertine.sty
Package: libertine 2014/11/25 (Bob Tennent) Supports Libertine and Biolinum fon
ts for all LaTeX engines.

(/home/pnovotny/texlive/2016/texmf-dist/tex/latex/base/textcomp.sty
Package: textcomp 2016/06/19 v1.99m Standard LaTeX package
Package textcomp Info: Sub-encoding information:
(textcomp)               5 = only ISO-Adobe without \textcurrency
(textcomp)               4 = 5 + \texteuro
(textcomp)               3 = 4 + \textohm
(textcomp)               2 = 3 + \textestimated + \textcurrency
(textcomp)               1 = TS1 - \textcircled - \t
(textcomp)               0 = TS1 (full)
(textcomp)             Font families with sub-encoding setting implement
(textcomp)             only a restricted character set as indicated.
(textcomp)             Family '?' is the default used for unknown fonts.
(textcomp)             See the documentation for details.
Package textcomp Info: Setting ? sub-encoding to TS1/1 on input line 79.

(/home/pnovotny/texlive/2016/texmf-dist/tex/latex/base/ts1enc.def
File: ts1enc.def 2001/06/05 v3.0e (jk/car/fm) Standard LaTeX file
)
LaTeX Info: Redefining \oldstylenums on input line 334.
Package textcomp Info: Setting cmr sub-encoding to TS1/0 on input line 349.
Package textcomp Info: Setting cmss sub-encoding to TS1/0 on input line 350.
Package textcomp Info: Setting cmtt sub-encoding to TS1/0 on input line 351.
Package textcomp Info: Setting cmvtt sub-encoding to TS1/0 on input line 352.
Package textcomp Info: Setting cmbr sub-encoding to TS1/0 on input line 353.
Package textcomp Info: Setting cmtl sub-encoding to TS1/0 on input line 354.
Package textcomp Info: Setting ccr sub-encoding to TS1/0 on input line 355.
Package textcomp Info: Setting ptm sub-encoding to TS1/4 on input line 356.
Package textcomp Info: Setting pcr sub-encoding to TS1/4 on input line 357.
Package textcomp Info: Setting phv sub-encoding to TS1/4 on input line 358.
Package textcomp Info: Setting ppl sub-encoding to TS1/3 on input line 359.
Package textcomp Info: Setting pag sub-encoding to TS1/4 on input line 360.
Package textcomp Info: Setting pbk sub-encoding to TS1/4 on input line 361.
Package textcomp Info: Setting pnc sub-encoding to TS1/4 on input line 362.
Package textcomp Info: Setting pzc sub-encoding to TS1/4 on input line 363.
Package textcomp Info: Setting bch sub-encoding to TS1/4 on input line 364.
Package textcomp Info: Setting put sub-encoding to TS1/5 on input line 365.
Package textcomp Info: Setting uag sub-encoding to TS1/5 on input line 366.
Package textcomp Info: Setting ugq sub-encoding to TS1/5 on input line 367.
Package textcomp Info: Setting ul8 sub-encoding to TS1/4 on input line 368.
Package textcomp Info: Setting ul9 sub-encoding to TS1/4 on input line 369.
Package textcomp Info: Setting augie sub-encoding to TS1/5 on input line 370.
Package textcomp Info: Setting dayrom sub-encoding to TS1/3 on input line 371.
Package textcomp Info: Setting dayroms sub-encoding to TS1/3 on input line 372.

Package textcomp Info: Setting pxr sub-encoding to TS1/0 on input line 373.
Package textcomp Info: Setting pxss sub-encoding to TS1/0 on input line 374.
Package textcomp Info: Setting pxtt sub-encoding to TS1/0 on input line 375.
Package textcomp Info: Setting txr sub-encoding to TS1/0 on input line 376.
Package textcomp Info: Setting txss sub-encoding to TS1/0 on input line 377.
Package textcomp Info: Setting txtt sub-encoding to TS1/0 on input line 378.
Package textcomp Info: Setting lmr sub-encoding to TS1/0 on input line 379.
Package textcomp Info: Setting lmdh sub-encoding to TS1/0 on input line 380.
Package textcomp Info: Setting lmss sub-encoding to TS1/0 on input line 381.
Package textcomp Info: Setting lmssq sub-encoding to TS1/0 on input line 382.
Package textcomp Info: Setting lmvtt sub-encoding to TS1/0 on input line 383.
Package textcomp Info: Setting lmtt sub-encoding to TS1/0 on input line 384.
Package textcomp Info: Setting qhv sub-encoding to TS1/0 on input line 385.
Package textcomp Info: Setting qag sub-encoding to TS1/0 on input line 386.
Package textcomp Info: Setting qbk sub-encoding to TS1/0 on input line 387.
Package textcomp Info: Setting qcr sub-encoding to TS1/0 on input line 388.
Package textcomp Info: Setting qcs sub-encoding to TS1/0 on input line 389.
Package textcomp Info: Setting qpl sub-encoding to TS1/0 on input line 390.
Package textcomp Info: Setting qtm sub-encoding to TS1/0 on input line 391.
Package textcomp Info: Setting qzc sub-encoding to TS1/0 on input line 392.
Package textcomp Info: Setting qhvc sub-encoding to TS1/0 on input line 393.
Package textcomp Info: Setting futs sub-encoding to TS1/4 on input line 394.
Package textcomp Info: Setting futx sub-encoding to TS1/4 on input line 395.
Package textcomp Info: Setting futj sub-encoding to TS1/4 on input line 396.
Package textcomp Info: Setting hlh sub-encoding to TS1/3 on input line 397.
Package textcomp Info: Setting hls sub-encoding to TS1/3 on input line 398.
Package textcomp Info: Setting hlst sub-encoding to TS1/3 on input line 399.
Package textcomp Info: Setting hlct sub-encoding to TS1/5 on input line 400.
Package textcomp Info: Setting hlx sub-encoding to TS1/5 on input line 401.
Package textcomp Info: Setting hlce sub-encoding to TS1/5 on input line 402.
Package textcomp Info: Setting hlcn sub-encoding to TS1/5 on input line 403.
Package textcomp Info: Setting hlcw sub-encoding to TS1/5 on input line 404.
Package textcomp Info: Setting hlcf sub-encoding to TS1/5 on input line 405.
Package textcomp Info: Setting pplx sub-encoding to TS1/3 on input line 406.
Package textcomp Info: Setting pplj sub-encoding to TS1/3 on input line 407.
Package textcomp Info: Setting ptmx sub-encoding to TS1/4 on input line 408.
Package textcomp Info: Setting ptmj sub-encoding to TS1/4 on input line 409.
)
(/home/pnovotny/texlive/2016/texmf-dist/tex/latex/mweights/mweights.sty
Package: mweights 2016/08/15 (Bob Tennent) Support package for multiple-weight 
font packages. 
LaTeX Info: Redefining \bfseries on input line 22.
LaTeX Info: Redefining \mdseries on input line 29.
LaTeX Info: Redefining \rmfamily on input line 36.
LaTeX Info: Redefining \sffamily on input line 54.
LaTeX Info: Redefining \ttfamily on input line 72.
)
(/home/pnovotny/texlive/2016/texmf-dist/tex/latex/base/fontenc.sty
Package: fontenc 2016/06/19 v1.99m Standard LaTeX package
)
(/home/pnovotny/texlive/2016/texmf-dist/tex/latex/fontaxes/fontaxes.sty
Package: fontaxes 2014/03/23 v1.0d Font selection axes
LaTeX Info: Redefining \upshape on input line 29.
LaTeX Info: Redefining \itshape on input line 31.
LaTeX Info: Redefining \slshape on input line 33.
LaTeX Info: Redefining \scshape on input line 37.
)
LaTeX Info: Redefining \oldstylenums on input line 478.

(/home/pnovotny/texlive/2016/texmf-dist/tex/latex/libertine/LinLibertine_I.tex)
) (/home/pnovotny/texlive/2016/texmf-dist/tex/latex/inconsolata/zi4.sty
Package: zi4 2016/02/22 v1.10

`inconsolata-zi4' v1.10, 2016/02/22 Text macros for Inconsolata (msharpe)
\zifour@ocount=\count120
)
(/home/pnovotny/texlive/2016/texmf-dist/tex/latex/newtx/newtxmath.sty
Package: newtxmath 2016/08/12 v1.5

`newtxmath' v1.5, 2016/08/12 Math macros based on txfonts (msharpe)
(/home/pnovotny/texlive/2016/texmf-dist/tex/generic/kastrup/binhex.tex)
\tx@Isdigit=\count121
LaTeX Font Info:    Redeclaring symbol font `operators' on input line 141.
LaTeX Font Info:    Overwriting symbol font `operators' in version `normal'
(Font)                  OT1/cmr/m/n --> OT1/LinuxLibertineT-TLF/m/n on input li
ne 141.
LaTeX Font Info:    Overwriting symbol font `operators' in version `bold'
(Font)                  OT1/cmr/bx/n --> OT1/LinuxLibertineT-TLF/m/n on input l
ine 141.
LaTeX Font Info:    Overwriting symbol font `operators' in version `bold'
(Font)                  OT1/LinuxLibertineT-TLF/m/n --> OT1/LinuxLibertineT-TLF
/sb/n on input line 142.
LaTeX Font Info:    Redeclaring math alphabet \mathsf on input line 148.
LaTeX Font Info:    Overwriting math alphabet `\mathsf' in version `normal'
(Font)                  OT1/cmss/m/n --> OT1/LinuxBiolinumT-TLF/m/n on input li
ne 148.
LaTeX Font Info:    Overwriting math alphabet `\mathsf' in version `bold'
(Font)                  OT1/cmss/bx/n --> OT1/LinuxBiolinumT-TLF/m/n on input l
ine 148.
LaTeX Font Info:    Redeclaring math alphabet \mathit on input line 149.
LaTeX Font Info:    Overwriting math alphabet `\mathit' in version `normal'
(Font)                  OT1/cmr/m/it --> OT1/LinuxLibertineT-TLF/m/it on input 
line 149.
LaTeX Font Info:    Overwriting math alphabet `\mathit' in version `bold'
(Font)                  OT1/cmr/bx/it --> OT1/LinuxLibertineT-TLF/m/it on input
 line 149.
LaTeX Font Info:    Redeclaring math alphabet \mathtt on input line 150.
LaTeX Font Info:    Overwriting math alphabet `\mathtt' in version `normal'
(Font)                  OT1/cmtt/m/n --> OT1/zi4/m/n on input line 150.
LaTeX Font Info:    Overwriting math alphabet `\mathtt' in version `bold'
(Font)                  OT1/cmtt/m/n --> OT1/zi4/m/n on input line 150.
LaTeX Font Info:    Redeclaring math alphabet \mathbf on input line 152.
LaTeX Font Info:    Overwriting math alphabet `\mathbf' in version `normal'
(Font)                  OT1/cmr/bx/n --> OT1/LinuxLibertineT-TLF/sb/n on input 
line 152.
LaTeX Font Info:    Overwriting math alphabet `\mathbf' in version `bold'
(Font)                  OT1/cmr/bx/n --> OT1/LinuxLibertineT-TLF/sb/n on input 
line 152.
LaTeX Font Info:    Overwriting math alphabet `\mathit' in version `bold'
(Font)                  OT1/LinuxLibertineT-TLF/m/it --> OT1/LinuxLibertineT-TL
F/sb/it on input line 153.
LaTeX Font Info:    Overwriting math alphabet `\mathsf' in version `bold'
(Font)                  OT1/LinuxBiolinumT-TLF/m/n --> OT1/LinuxBiolinumT-TLF/b
/n on input line 154.
LaTeX Font Info:    Overwriting math alphabet `\mathtt' in version `bold'
(Font)                  OT1/zi4/m/n --> OT1/zi4/b/n on input line 155.
LaTeX Font Info:    Redeclaring symbol font `letters' on input line 167.
LaTeX Font Info:    Overwriting symbol font `letters' in version `normal'
(Font)                  OML/cmm/m/it --> OML/nxlmi/m/it on input line 167.
LaTeX Font Info:    Overwriting symbol font `letters' in version `bold'
(Font)                  OML/cmm/b/it --> OML/nxlmi/m/it on input line 167.
LaTeX Font Info:    Overwriting symbol font `letters' in version `bold'
(Font)                  OML/nxlmi/m/it --> OML/nxlmi/b/it on input line 168.
\symlettersA=\mathgroup6
LaTeX Font Info:    Overwriting symbol font `lettersA' in version `bold'
(Font)                  U/ntxmia/m/it --> U/ntxmia/b/it on input line 217.
LaTeX Font Info:    Redeclaring math alphabet \mathfrak on input line 219.
LaTeX Font Info:    Redeclaring symbol font `symbols' on input line 238.
LaTeX Font Info:    Encoding `OMS' has changed to `LMS' for symbol font
(Font)              `symbols' in the math version `normal' on input line 238.
LaTeX Font Info:    Overwriting symbol font `symbols' in version `normal'
(Font)                  OMS/cmsy/m/n --> LMS/ntxsy/m/n on input line 238.
LaTeX Font Info:    Encoding `OMS' has changed to `LMS' for symbol font
(Font)              `symbols' in the math version `bold' on input line 238.
LaTeX Font Info:    Overwriting symbol font `symbols' in version `bold'
(Font)                  OMS/cmsy/b/n --> LMS/ntxsy/m/n on input line 238.
LaTeX Font Info:    Overwriting symbol font `symbols' in version `bold'
(Font)                  LMS/ntxsy/m/n --> LMS/ntxsy/b/n on input line 239.
\symAMSm=\mathgroup7
LaTeX Font Info:    Overwriting symbol font `AMSm' in version `bold'
(Font)                  U/ntxsym/m/n --> U/ntxsym/b/n on input line 262.
\symsymbolsC=\mathgroup8
LaTeX Font Info:    Overwriting symbol font `symbolsC' in version `bold'
(Font)                  U/ntxsyc/m/n --> U/ntxsyc/b/n on input line 283.
LaTeX Font Info:    Redeclaring symbol font `largesymbols' on input line 296.
LaTeX Font Info:    Encoding `OMX' has changed to `LMX' for symbol font
(Font)              `largesymbols' in the math version `normal' on input line 2
96.
LaTeX Font Info:    Overwriting symbol font `largesymbols' in version `normal'
(Font)                  OMX/cmex/m/n --> LMX/ntxexx/m/n on input line 296.
LaTeX Font Info:    Encoding `OMX' has changed to `LMX' for symbol font
(Font)              `largesymbols' in the math version `bold' on input line 296
.
LaTeX Font Info:    Overwriting symbol font `largesymbols' in version `bold'
(Font)                  OMX/cmex/m/n --> LMX/ntxexx/m/n on input line 296.
LaTeX Font Info:    Overwriting symbol font `largesymbols' in version `bold'
(Font)                  LMX/ntxexx/m/n --> LMX/ntxexx/b/n on input line 297.
\symlargesymbolsTXA=\mathgroup9
LaTeX Font Info:    Overwriting symbol font `largesymbolsTXA' in version `bold'

(Font)                  U/ntxexa/m/n --> U/ntxexa/b/n on input line 311.
LaTeX Font Info:    Redeclaring math delimiter \lgroup on input line 429.
LaTeX Font Info:    Redeclaring math delimiter \rgroup on input line 430.
LaTeX Font Info:    Redeclaring math delimiter \lmoustache on input line 431.
LaTeX Font Info:    Redeclaring math delimiter \rmoustache on input line 432.
LaTeX Font Info:    Redeclaring math delimiter \lfloor on input line 438.
LaTeX Font Info:    Redeclaring math delimiter \rfloor on input line 439.
LaTeX Font Info:    Redeclaring math delimiter \lceil on input line 440.
LaTeX Font Info:    Redeclaring math delimiter \rceil on input line 441.
LaTeX Font Info:    Redeclaring math delimiter \lbrace on input line 442.
LaTeX Font Info:    Redeclaring math delimiter \rbrace on input line 443.
LaTeX Font Info:    Redeclaring math delimiter \langle on input line 444.
LaTeX Font Info:    Redeclaring math delimiter \rangle on input line 446.
LaTeX Font Info:    Redeclaring math symbol \mid on input line 448.
LaTeX Font Info:    Redeclaring math delimiter \arrowvert on input line 450.
LaTeX Font Info:    Redeclaring math delimiter \vert on input line 451.
LaTeX Font Info:    Redeclaring math symbol \parallel on input line 452.
LaTeX Font Info:    Redeclaring math delimiter \Arrowvert on input line 453.
LaTeX Font Info:    Redeclaring math delimiter \Vert on input line 454.
LaTeX Font Info:    Redeclaring math delimiter \updownarrow on input line 456.
LaTeX Font Info:    Redeclaring math delimiter \Updownarrow on input line 457.
LaTeX Font Info:    Redeclaring math delimiter \lvert on input line 462.
LaTeX Font Info:    Redeclaring math delimiter \rvert on input line 463.
LaTeX Font Info:    Redeclaring math delimiter \lVert on input line 464.
LaTeX Font Info:    Redeclaring math delimiter \rVert on input line 465.
LaTeX Font Info:    Redeclaring math accent \vec on input line 1489.
LaTeX Info: Redefining \not on input line 2025.
LaTeX Info: Redefining \textsquare on input line 2046.
LaTeX Info: Redefining \openbox on input line 2048.
)
(/home/pnovotny/texlive/2016/texmf-dist/tex/latex/base/fontenc.sty
Package: fontenc 2016/06/19 v1.99m Standard LaTeX package

(/home/pnovotny/texlive/2016/texmf-dist/tex/latex/base/t1enc.def
File: t1enc.def 2016/06/19 v1.99m Standard LaTeX file
LaTeX Font Info:    Redeclaring font encoding T1 on input line 48.
)<<t1.cmap>>)
(/home/pnovotny/texlive/2016/texmf-dist/tex/latex/caption/caption.sty
Package: caption 2016/02/21 v3.3-144 Customizing captions (AR)

(/home/pnovotny/texlive/2016/texmf-dist/tex/latex/caption/caption3.sty
Package: caption3 2016/05/22 v1.7-166 caption3 kernel (AR)
Package caption3 Info: TeX engine: e-TeX on input line 67.
\captionmargin=\dimen130
\captionmargin@=\dimen131
\captionwidth=\dimen132
\caption@tempdima=\dimen133
\caption@indent=\dimen134
\caption@parindent=\dimen135
\caption@hangindent=\dimen136
)
Package caption Info: AMS or SMF document class.
\c@ContinuedFloat=\count122
Package caption Info: hyperref package is loaded.
)
(/home/pnovotny/texlive/2016/texmf-dist/tex/latex/float/float.sty
Package: float 2001/11/08 v1.3d Float enhancements (AL)
\c@float@type=\count123
\float@exts=\toks29
\float@box=\box29
\@float@everytoks=\toks30
\@floatcapt=\box30
)
\@float@every@sidebar=\toks31
\c@sidebar=\count124
\fulltextwidth=\dimen137
\@ACM@labelwidth=\dimen138
\listisep=\skip55
\num@authorgroups=\count125
\@ACM@badge@width=\skip56
\@ACM@title@width=\skip57
\@ACM@badge@skip=\skip58
Class acmart Info: Printing CCS on input line 1197.
Class acmart Info: Printing bibformat on input line 1197.
Class acmart Info: Printing folios on input line 1202.
Class acmart Info: Setting authorsperrow to 0 on input line 1207.

(/home/pnovotny/texlive/2016/texmf-dist/tex/latex/comment/comment.sty
\CommentStream=\write4

Excluding comment 'comment') Excluding comment 'CCSXML'
\mktitle@bx=\box31
\@ACM@commabox=\box32
\author@bx=\box33
\author@bx@wd=\dimen139
\author@bx@sep=\skip59

(/home/pnovotny/texlive/2016/texmf-dist/tex/latex/fancyhdr/fancyhdr.sty
Package: fancyhdr 2016/09/06 3.8 Extensive control of page headers and footers
\fancy@headwidth=\skip60
\f@ncyO@elh=\skip61
\f@ncyO@erh=\skip62
\f@ncyO@olh=\skip63
\f@ncyO@orh=\skip64
\f@ncyO@elf=\skip65
\f@ncyO@erf=\skip66
\f@ncyO@olf=\skip67
\f@ncyO@orf=\skip68
)
\@folio@wd=\dimen140
\@folio@ht=\dimen141
\@folio@voffset=\dimen142
\c@theorem=\count126

Special comment 'acks' Excluding comment 'screenonly'
Include comment 'printonly' Excluding comment 'anonsuppress'
Excluding comment 'acks'
LaTeX Font Info:    Try loading font information for T1+LinuxLibertineT-TLF on 
input line 2418.

(/home/pnovotny/texlive/2016/texmf-dist/tex/latex/libertine/T1LinuxLibertineT-T
LF.fd
File: T1LinuxLibertineT-TLF.fd 2012/11/26 (autoinst) Font definitions for T1/Li
nuxLibertineT-TLF.
)
LaTeX Font Info:    Font shape `T1/LinuxLibertineT-TLF/m/n' will be
(Font)              scaled to size 10.0pt on input line 2418.
) (/home/pnovotny/texlive/2016/texmf-dist/tex/latex/base/fontenc.sty
Package: fontenc 2016/06/19 v1.99m Standard LaTeX package

(/home/pnovotny/texlive/2016/texmf-dist/tex/latex/base/t1enc.def
File: t1enc.def 2016/06/19 v1.99m Standard LaTeX file
LaTeX Font Info:    Redeclaring font encoding T1 on input line 48.
))
(/home/pnovotny/texlive/2016/texmf-dist/tex/latex/pgfplots/pgfplots.sty
(/home/pnovotny/texlive/2016/texmf-dist/tex/generic/pgfplots/pgfplots.revision.
tex)
Package: pgfplots 2016/08/10 v1.14 Data Visualization (1.14)

(/home/pnovotny/texlive/2016/texmf-dist/tex/latex/pgf/frontendlayer/tikz.sty
(/home/pnovotny/texlive/2016/texmf-dist/tex/latex/pgf/basiclayer/pgf.sty
(/home/pnovotny/texlive/2016/texmf-dist/tex/latex/pgf/utilities/pgfrcs.sty
(/home/pnovotny/texlive/2016/texmf-dist/tex/generic/pgf/utilities/pgfutil-commo
n.tex
\pgfutil@everybye=\toks32
\pgfutil@tempdima=\dimen143
\pgfutil@tempdimb=\dimen144

(/home/pnovotny/texlive/2016/texmf-dist/tex/generic/pgf/utilities/pgfutil-commo
n-lists.tex))
(/home/pnovotny/texlive/2016/texmf-dist/tex/generic/pgf/utilities/pgfutil-latex
.def
\pgfutil@abb=\box34
)
(/home/pnovotny/texlive/2016/texmf-dist/tex/generic/pgf/utilities/pgfrcs.code.t
ex
Package: pgfrcs 2015/08/07 v3.0.1a (rcs-revision 1.31)
))
Package: pgf 2015/08/07 v3.0.1a (rcs-revision 1.15)

(/home/pnovotny/texlive/2016/texmf-dist/tex/latex/pgf/basiclayer/pgfcore.sty
(/home/pnovotny/texlive/2016/texmf-dist/tex/latex/pgf/systemlayer/pgfsys.sty
(/home/pnovotny/texlive/2016/texmf-dist/tex/generic/pgf/systemlayer/pgfsys.code
.tex
Package: pgfsys 2014/07/09 v3.0.1a (rcs-revision 1.48)

(/home/pnovotny/texlive/2016/texmf-dist/tex/generic/pgf/utilities/pgfkeys.code.
tex
\pgfkeys@pathtoks=\toks33
\pgfkeys@temptoks=\toks34

(/home/pnovotny/texlive/2016/texmf-dist/tex/generic/pgf/utilities/pgfkeysfilter
ed.code.tex
\pgfkeys@tmptoks=\toks35
))
\pgf@x=\dimen145
\pgf@y=\dimen146
\pgf@xa=\dimen147
\pgf@ya=\dimen148
\pgf@xb=\dimen149
\pgf@yb=\dimen150
\pgf@xc=\dimen151
\pgf@yc=\dimen152
\w@pgf@writea=\write5
\r@pgf@reada=\read1
\c@pgf@counta=\count127
\c@pgf@countb=\count128
\c@pgf@countc=\count129
\c@pgf@countd=\count130
\t@pgf@toka=\toks36
\t@pgf@tokb=\toks37
\t@pgf@tokc=\toks38

(/home/pnovotny/texlive/2016/texmf-dist/tex/generic/pgf/systemlayer/pgf.cfg
File: pgf.cfg 2008/05/14  (rcs-revision 1.7)
)
Driver file for pgf: pgfsys-pdftex.def

(/home/pnovotny/texlive/2016/texmf-dist/tex/generic/pgf/systemlayer/pgfsys-pdft
ex.def
File: pgfsys-pdftex.def 2014/10/11  (rcs-revision 1.35)

(/home/pnovotny/texlive/2016/texmf-dist/tex/generic/pgf/systemlayer/pgfsys-comm
on-pdf.def
File: pgfsys-common-pdf.def 2013/10/10  (rcs-revision 1.13)
)))
(/home/pnovotny/texlive/2016/texmf-dist/tex/generic/pgf/systemlayer/pgfsyssoftp
ath.code.tex
File: pgfsyssoftpath.code.tex 2013/09/09  (rcs-revision 1.9)
\pgfsyssoftpath@smallbuffer@items=\count131
\pgfsyssoftpath@bigbuffer@items=\count132
)
(/home/pnovotny/texlive/2016/texmf-dist/tex/generic/pgf/systemlayer/pgfsysproto
col.code.tex
File: pgfsysprotocol.code.tex 2006/10/16  (rcs-revision 1.4)
))
(/home/pnovotny/texlive/2016/texmf-dist/tex/generic/pgf/basiclayer/pgfcore.code
.tex
Package: pgfcore 2010/04/11 v3.0.1a (rcs-revision 1.7)

(/home/pnovotny/texlive/2016/texmf-dist/tex/generic/pgf/math/pgfmath.code.tex
(/home/pnovotny/texlive/2016/texmf-dist/tex/generic/pgf/math/pgfmathcalc.code.t
ex
(/home/pnovotny/texlive/2016/texmf-dist/tex/generic/pgf/math/pgfmathutil.code.t
ex)
(/home/pnovotny/texlive/2016/texmf-dist/tex/generic/pgf/math/pgfmathparser.code
.tex
\pgfmath@dimen=\dimen153
\pgfmath@count=\count133
\pgfmath@box=\box35
\pgfmath@toks=\toks39
\pgfmath@stack@operand=\toks40
\pgfmath@stack@operation=\toks41
)
(/home/pnovotny/texlive/2016/texmf-dist/tex/generic/pgf/math/pgfmathfunctions.c
ode.tex
(/home/pnovotny/texlive/2016/texmf-dist/tex/generic/pgf/math/pgfmathfunctions.b
asic.code.tex)
(/home/pnovotny/texlive/2016/texmf-dist/tex/generic/pgf/math/pgfmathfunctions.t
rigonometric.code.tex)
(/home/pnovotny/texlive/2016/texmf-dist/tex/generic/pgf/math/pgfmathfunctions.r
andom.code.tex)
(/home/pnovotny/texlive/2016/texmf-dist/tex/generic/pgf/math/pgfmathfunctions.c
omparison.code.tex)
(/home/pnovotny/texlive/2016/texmf-dist/tex/generic/pgf/math/pgfmathfunctions.b
ase.code.tex)
(/home/pnovotny/texlive/2016/texmf-dist/tex/generic/pgf/math/pgfmathfunctions.r
ound.code.tex)
(/home/pnovotny/texlive/2016/texmf-dist/tex/generic/pgf/math/pgfmathfunctions.m
isc.code.tex)
(/home/pnovotny/texlive/2016/texmf-dist/tex/generic/pgf/math/pgfmathfunctions.i
ntegerarithmetics.code.tex)))
(/home/pnovotny/texlive/2016/texmf-dist/tex/generic/pgf/math/pgfmathfloat.code.
tex
\c@pgfmathroundto@lastzeros=\count134
))
(/home/pnovotny/texlive/2016/texmf-dist/tex/generic/pgf/basiclayer/pgfcorepoint
s.code.tex
File: pgfcorepoints.code.tex 2013/10/07  (rcs-revision 1.27)
\pgf@picminx=\dimen154
\pgf@picmaxx=\dimen155
\pgf@picminy=\dimen156
\pgf@picmaxy=\dimen157
\pgf@pathminx=\dimen158
\pgf@pathmaxx=\dimen159
\pgf@pathminy=\dimen160
\pgf@pathmaxy=\dimen161
\pgf@xx=\dimen162
\pgf@xy=\dimen163
\pgf@yx=\dimen164
\pgf@yy=\dimen165
\pgf@zx=\dimen166
\pgf@zy=\dimen167
)
(/home/pnovotny/texlive/2016/texmf-dist/tex/generic/pgf/basiclayer/pgfcorepathc
onstruct.code.tex
File: pgfcorepathconstruct.code.tex 2013/10/07  (rcs-revision 1.29)
\pgf@path@lastx=\dimen168
\pgf@path@lasty=\dimen169
)
(/home/pnovotny/texlive/2016/texmf-dist/tex/generic/pgf/basiclayer/pgfcorepathu
sage.code.tex
File: pgfcorepathusage.code.tex 2014/11/02  (rcs-revision 1.24)
\pgf@shorten@end@additional=\dimen170
\pgf@shorten@start@additional=\dimen171
)
(/home/pnovotny/texlive/2016/texmf-dist/tex/generic/pgf/basiclayer/pgfcorescope
s.code.tex
File: pgfcorescopes.code.tex 2015/05/08  (rcs-revision 1.46)
\pgfpic=\box36
\pgf@hbox=\box37
\pgf@layerbox@main=\box38
\pgf@picture@serial@count=\count135
)
(/home/pnovotny/texlive/2016/texmf-dist/tex/generic/pgf/basiclayer/pgfcoregraph
icstate.code.tex
File: pgfcoregraphicstate.code.tex 2014/11/02  (rcs-revision 1.12)
\pgflinewidth=\dimen172
)
(/home/pnovotny/texlive/2016/texmf-dist/tex/generic/pgf/basiclayer/pgfcoretrans
formations.code.tex
File: pgfcoretransformations.code.tex 2015/08/07  (rcs-revision 1.20)
\pgf@pt@x=\dimen173
\pgf@pt@y=\dimen174
\pgf@pt@temp=\dimen175
)
(/home/pnovotny/texlive/2016/texmf-dist/tex/generic/pgf/basiclayer/pgfcorequick
.code.tex
File: pgfcorequick.code.tex 2008/10/09  (rcs-revision 1.3)
)
(/home/pnovotny/texlive/2016/texmf-dist/tex/generic/pgf/basiclayer/pgfcoreobjec
ts.code.tex
File: pgfcoreobjects.code.tex 2006/10/11  (rcs-revision 1.2)
)
(/home/pnovotny/texlive/2016/texmf-dist/tex/generic/pgf/basiclayer/pgfcorepathp
rocessing.code.tex
File: pgfcorepathprocessing.code.tex 2013/09/09  (rcs-revision 1.9)
)
(/home/pnovotny/texlive/2016/texmf-dist/tex/generic/pgf/basiclayer/pgfcorearrow
s.code.tex
File: pgfcorearrows.code.tex 2015/05/14  (rcs-revision 1.43)
\pgfarrowsep=\dimen176
)
(/home/pnovotny/texlive/2016/texmf-dist/tex/generic/pgf/basiclayer/pgfcoreshade
.code.tex
File: pgfcoreshade.code.tex 2013/07/15  (rcs-revision 1.15)
\pgf@max=\dimen177
\pgf@sys@shading@range@num=\count136
)
(/home/pnovotny/texlive/2016/texmf-dist/tex/generic/pgf/basiclayer/pgfcoreimage
.code.tex
File: pgfcoreimage.code.tex 2013/07/15  (rcs-revision 1.18)

(/home/pnovotny/texlive/2016/texmf-dist/tex/generic/pgf/basiclayer/pgfcoreexter
nal.code.tex
File: pgfcoreexternal.code.tex 2014/07/09  (rcs-revision 1.21)
\pgfexternal@startupbox=\box39
))
(/home/pnovotny/texlive/2016/texmf-dist/tex/generic/pgf/basiclayer/pgfcorelayer
s.code.tex
File: pgfcorelayers.code.tex 2013/07/18  (rcs-revision 1.7)
)
(/home/pnovotny/texlive/2016/texmf-dist/tex/generic/pgf/basiclayer/pgfcoretrans
parency.code.tex
File: pgfcoretransparency.code.tex 2013/09/30  (rcs-revision 1.5)
)
(/home/pnovotny/texlive/2016/texmf-dist/tex/generic/pgf/basiclayer/pgfcorepatte
rns.code.tex
File: pgfcorepatterns.code.tex 2013/11/07  (rcs-revision 1.5)
)))
(/home/pnovotny/texlive/2016/texmf-dist/tex/generic/pgf/modules/pgfmoduleshapes
.code.tex
File: pgfmoduleshapes.code.tex 2014/03/21  (rcs-revision 1.35)
\pgfnodeparttextbox=\box40
)
(/home/pnovotny/texlive/2016/texmf-dist/tex/generic/pgf/modules/pgfmoduleplot.c
ode.tex
File: pgfmoduleplot.code.tex 2015/08/03  (rcs-revision 1.13)
)
(/home/pnovotny/texlive/2016/texmf-dist/tex/latex/pgf/compatibility/pgfcomp-ver
sion-0-65.sty
Package: pgfcomp-version-0-65 2007/07/03 v3.0.1a (rcs-revision 1.7)
\pgf@nodesepstart=\dimen178
\pgf@nodesepend=\dimen179
)
(/home/pnovotny/texlive/2016/texmf-dist/tex/latex/pgf/compatibility/pgfcomp-ver
sion-1-18.sty
Package: pgfcomp-version-1-18 2007/07/23 v3.0.1a (rcs-revision 1.1)
))
(/home/pnovotny/texlive/2016/texmf-dist/tex/latex/pgf/utilities/pgffor.sty
(/home/pnovotny/texlive/2016/texmf-dist/tex/latex/pgf/utilities/pgfkeys.sty
(/home/pnovotny/texlive/2016/texmf-dist/tex/generic/pgf/utilities/pgfkeys.code.
tex)) (/home/pnovotny/texlive/2016/texmf-dist/tex/latex/pgf/math/pgfmath.sty
(/home/pnovotny/texlive/2016/texmf-dist/tex/generic/pgf/math/pgfmath.code.tex))

(/home/pnovotny/texlive/2016/texmf-dist/tex/generic/pgf/utilities/pgffor.code.t
ex
Package: pgffor 2013/12/13 v3.0.1a (rcs-revision 1.25)

(/home/pnovotny/texlive/2016/texmf-dist/tex/generic/pgf/math/pgfmath.code.tex)
\pgffor@iter=\dimen180
\pgffor@skip=\dimen181
\pgffor@stack=\toks42
\pgffor@toks=\toks43
))
(/home/pnovotny/texlive/2016/texmf-dist/tex/generic/pgf/frontendlayer/tikz/tikz
.code.tex
Package: tikz 2015/08/07 v3.0.1a (rcs-revision 1.151)

(/home/pnovotny/texlive/2016/texmf-dist/tex/generic/pgf/libraries/pgflibraryplo
thandlers.code.tex
File: pgflibraryplothandlers.code.tex 2013/08/31 v3.0.1a (rcs-revision 1.20)
\pgf@plot@mark@count=\count137
\pgfplotmarksize=\dimen182
)
\tikz@lastx=\dimen183
\tikz@lasty=\dimen184
\tikz@lastxsaved=\dimen185
\tikz@lastysaved=\dimen186
\tikzleveldistance=\dimen187
\tikzsiblingdistance=\dimen188
\tikz@figbox=\box41
\tikz@figbox@bg=\box42
\tikz@tempbox=\box43
\tikz@tempbox@bg=\box44
\tikztreelevel=\count138
\tikznumberofchildren=\count139
\tikznumberofcurrentchild=\count140
\tikz@fig@count=\count141

(/home/pnovotny/texlive/2016/texmf-dist/tex/generic/pgf/modules/pgfmodulematrix
.code.tex
File: pgfmodulematrix.code.tex 2013/09/17  (rcs-revision 1.8)
\pgfmatrixcurrentrow=\count142
\pgfmatrixcurrentcolumn=\count143
\pgf@matrix@numberofcolumns=\count144
)
\tikz@expandcount=\count145

(/home/pnovotny/texlive/2016/texmf-dist/tex/generic/pgf/frontendlayer/tikz/libr
aries/tikzlibrarytopaths.code.tex
File: tikzlibrarytopaths.code.tex 2008/06/17 v3.0.1a (rcs-revision 1.2)
)))
(/home/pnovotny/texlive/2016/texmf-dist/tex/generic/pgfplots/pgfplots.code.tex
(/home/pnovotny/texlive/2016/texmf-dist/tex/generic/pgfplots/pgfplotscore.code.
tex
\t@pgfplots@toka=\toks44
\t@pgfplots@tokb=\toks45
\t@pgfplots@tokc=\toks46
\pgfplots@tmpa=\dimen189
\c@pgfplots@coordindex=\count146
\c@pgfplots@scanlineindex=\count147

(/home/pnovotny/texlive/2016/texmf-dist/tex/generic/pgfplots/sys/pgfplotssysgen
eric.code.tex))
(/home/pnovotny/texlive/2016/texmf-dist/tex/generic/pgfplots/libs/pgfplotslibra
ry.code.tex)
(/home/pnovotny/texlive/2016/texmf-dist/tex/generic/pgfplots/oldpgfcompatib/pgf
plotsoldpgfsupp_loader.code.tex
(/home/pnovotny/texlive/2016/texmf-dist/tex/generic/pgf/libraries/pgflibraryfpu
.code.tex)
Package pgfplots: loading complementary arithmetics for your pgf version...

(/home/pnovotny/texlive/2016/texmf-dist/tex/generic/pgfplots/oldpgfcompatib/pgf
plotsoldpgfsupp_pgflibraryfpu.code.tex)
(/home/pnovotny/texlive/2016/texmf-dist/tex/generic/pgfplots/oldpgfcompatib/pgf
plotsoldpgfsupp_pgfmathfloat.code.tex
\c@pgfmathroundto@lastzeros=\count148
))
(/home/pnovotny/texlive/2016/texmf-dist/tex/generic/pgfplots/util/pgfplotsutil.
code.tex
(/home/pnovotny/texlive/2016/texmf-dist/tex/generic/pgfplots/liststructure/pgfp
lotsliststructure.code.tex)
(/home/pnovotny/texlive/2016/texmf-dist/tex/generic/pgfplots/liststructure/pgfp
lotsliststructureext.code.tex)
(/home/pnovotny/texlive/2016/texmf-dist/tex/generic/pgfplots/liststructure/pgfp
lotsarray.code.tex
\c@pgfplotsarray@tmp=\count149
)
(/home/pnovotny/texlive/2016/texmf-dist/tex/generic/pgfplots/liststructure/pgfp
lotsmatrix.code.tex)
(/home/pnovotny/texlive/2016/texmf-dist/tex/generic/pgfplots/numtable/pgfplotst
ableshared.code.tex
\c@pgfplotstable@counta=\count150
\t@pgfplotstable@a=\toks47
)
(/home/pnovotny/texlive/2016/texmf-dist/tex/generic/pgfplots/liststructure/pgfp
lotsdeque.code.tex)
(/home/pnovotny/texlive/2016/texmf-dist/tex/generic/pgfplots/util/pgfplotsbinar
y.code.tex
(/home/pnovotny/texlive/2016/texmf-dist/tex/generic/pgfplots/util/pgfplotsbinar
y.data.code.tex))
(/home/pnovotny/texlive/2016/texmf-dist/tex/generic/pgfplots/util/pgfplotsutil.
verb.code.tex)
(/home/pnovotny/texlive/2016/texmf-dist/tex/generic/pgfplots/libs/pgflibrarypgf
plots.surfshading.code.tex
\c@pgfplotslibrarysurf@no=\count151

(/home/pnovotny/texlive/2016/texmf-dist/tex/generic/pgfplots/sys/pgflibrarypgfp
lots.surfshading.pgfsys-pdftex.def)))
(/home/pnovotny/texlive/2016/texmf-dist/tex/generic/pgfplots/util/pgfplotscolor
map.code.tex
(/home/pnovotny/texlive/2016/texmf-dist/tex/generic/pgfplots/util/pgfplotscolor
.code.tex))
(/home/pnovotny/texlive/2016/texmf-dist/tex/generic/pgfplots/pgfplotsstackedplo
ts.code.tex)
(/home/pnovotny/texlive/2016/texmf-dist/tex/generic/pgfplots/pgfplotsplothandle
rs.code.tex
(/home/pnovotny/texlive/2016/texmf-dist/tex/generic/pgfplots/pgfplotsmeshplotha
ndler.code.tex
(/home/pnovotny/texlive/2016/texmf-dist/tex/generic/pgfplots/pgfplotsmeshplotim
age.code.tex)))
(/home/pnovotny/texlive/2016/texmf-dist/tex/generic/pgfplots/pgfplots.scaling.c
ode.tex)
(/home/pnovotny/texlive/2016/texmf-dist/tex/generic/pgfplots/pgfplotscoordproce
ssing.code.tex)
(/home/pnovotny/texlive/2016/texmf-dist/tex/generic/pgfplots/pgfplots.errorbars
.code.tex)
(/home/pnovotny/texlive/2016/texmf-dist/tex/generic/pgfplots/pgfplots.markers.c
ode.tex)
(/home/pnovotny/texlive/2016/texmf-dist/tex/generic/pgfplots/pgfplotsticks.code
.tex)
(/home/pnovotny/texlive/2016/texmf-dist/tex/generic/pgfplots/pgfplots.paths.cod
e.tex)
(/home/pnovotny/texlive/2016/texmf-dist/tex/generic/pgf/frontendlayer/tikz/libr
aries/tikzlibrarydecorations.code.tex
(/home/pnovotny/texlive/2016/texmf-dist/tex/generic/pgf/modules/pgfmoduledecora
tions.code.tex
\pgfdecoratedcompleteddistance=\dimen190
\pgfdecoratedremainingdistance=\dimen191
\pgfdecoratedinputsegmentcompleteddistance=\dimen192
\pgfdecoratedinputsegmentremainingdistance=\dimen193
\pgf@decorate@distancetomove=\dimen194
\pgf@decorate@repeatstate=\count152
\pgfdecorationsegmentamplitude=\dimen195
\pgfdecorationsegmentlength=\dimen196
)
\tikz@lib@dec@box=\box45
)
(/home/pnovotny/texlive/2016/texmf-dist/tex/generic/pgf/frontendlayer/tikz/libr
aries/tikzlibrarydecorations.pathmorphing.code.tex
(/home/pnovotny/texlive/2016/texmf-dist/tex/generic/pgf/libraries/decorations/p
gflibrarydecorations.pathmorphing.code.tex))
(/home/pnovotny/texlive/2016/texmf-dist/tex/generic/pgf/frontendlayer/tikz/libr
aries/tikzlibrarydecorations.pathreplacing.code.tex
(/home/pnovotny/texlive/2016/texmf-dist/tex/generic/pgf/libraries/decorations/p
gflibrarydecorations.pathreplacing.code.tex))
\pgfplots@numplots=\count153
\pgfplots@xmin@reg=\dimen197
\pgfplots@xmax@reg=\dimen256
\pgfplots@ymin@reg=\dimen257
\pgfplots@ymax@reg=\dimen258
\pgfplots@zmin@reg=\dimen259
\pgfplots@zmax@reg=\dimen260
)
(/home/pnovotny/texlive/2016/texmf-dist/tex/generic/pgf/frontendlayer/tikz/libr
aries/tikzlibraryplotmarks.code.tex
File: tikzlibraryplotmarks.code.tex 2008/01/09 v3.0.1a (rcs-revision 1.1)

(/home/pnovotny/texlive/2016/texmf-dist/tex/generic/pgf/libraries/pgflibraryplo
tmarks.code.tex
File: pgflibraryplotmarks.code.tex 2015/08/03 v3.0.1a (rcs-revision 1.14)
)))
(/home/pnovotny/texlive/2016/texmf-dist/tex/latex/tools/enumerate.sty
Package: enumerate 2015/07/23 v3.00 enumerate extensions (DPC)
\@enLab=\toks48
)
(/home/pnovotny/texlive/2016/texmf-dist/tex/latex/paralist/paralist.sty
Package: paralist 2016/08/07 v2.6 Extended list environments
\pltopsep=\skip69
\plpartopsep=\skip70
\plitemsep=\skip71
\plparsep=\skip72
\pl@lab=\toks49
)
(/home/pnovotny/texlive/2016/texmf-dist/tex/latex/pbox/pbox.sty
Package: pbox 2011/12/07 v1.2 Dynamic parboxes

(/home/pnovotny/texlive/2016/texmf-dist/tex/latex/tools/calc.sty
Package: calc 2014/10/28 v4.3 Infix arithmetic (KKT,FJ)
\calc@Acount=\count154
\calc@Bcount=\count155
\calc@Adimen=\dimen261
\calc@Bdimen=\dimen262
\calc@Askip=\skip73
\calc@Bskip=\skip74
LaTeX Info: Redefining \setlength on input line 80.
LaTeX Info: Redefining \addtolength on input line 81.
\calc@Ccount=\count156
\calc@Cskip=\skip75
)
(/home/pnovotny/texlive/2016/texmf-dist/tex/latex/base/ifthen.sty
Package: ifthen 2014/09/29 v1.1c Standard LaTeX ifthen package (DPC)
)
\pb@xlen=\skip76
)
(/home/pnovotny/texlive/2016/texmf-dist/tex/latex/stmaryrd/stmaryrd.sty
Package: stmaryrd 1994/03/03 St Mary's Road symbol package
\symstmry=\mathgroup10
LaTeX Font Info:    Overwriting symbol font `stmry' in version `bold'
(Font)                  U/stmry/m/n --> U/stmry/b/n on input line 89.
)
(/home/pnovotny/texlive/2016/texmf-dist/tex/latex/appendix/appendix.sty
Package: appendix 2009/09/02 v1.2b extra appendix facilities
\c@@pps=\count157
\c@@ppsavesec=\count158
\c@@ppsaveapp=\count159
)
(/home/pnovotny/texlive/2016/texmf-dist/tex/latex/parskip/parskip.sty
Package: parskip 2001/04/09 non-zero parskip adjustments


LaTeX Warning: Command \@starttoc  has changed.
               Check if current package is valid.

) (/home/pnovotny/texlive/2016/texmf-dist/tex/latex/multirow/multirow.sty
\bigstrutjot=\dimen263
)
(/home/pnovotny/texlive/2016/texmf-dist/tex/latex/algorithm2e/algorithm2e.sty
Package: algorithm2e 2013/01/06 v5.00 algorithms environments
\c@AlgoLine=\count160
\algocf@hangindent=\skip77

(/home/pnovotny/texlive/2016/texmf-dist/tex/latex/tools/xspace.sty
Package: xspace 2014/10/28 v1.13 Space after command names (DPC,MH)
)
(/home/pnovotny/texlive/2016/texmf-dist/tex/latex/relsize/relsize.sty
Package: relsize 2013/03/29 ver 4.1
LaTeX Info: Redefining \larger on input line 150.
LaTeX Info: Redefining \smaller on input line 151.
)
********************************************************
Package `algorithm2e' Release 5.1 -- october 19 2015 --
- algorithm2e-announce@lirmm.fr mailing list for announcement about releases
- algorithm2e-discussion@lirmm.fr mailing list for discussion about package
subscribe by emailing sympa@lirmm.fr with 'subscribe <list> <firstname name>'
- Author: Christophe Fiorio (christophe.fiorio@umontpellier.fr)
********************************************************
\skiptotal=\skip78
\skiplinenumber=\skip79
\skiprule=\skip80
\skiphlne=\skip81
\skiptext=\skip82
\skiplength=\skip83
\algomargin=\skip84
\skipalgocfslide=\skip85
\algowidth=\dimen264
\inoutsize=\dimen265
\inoutindent=\dimen266
\interspacetitleruled=\dimen267
\interspacealgoruled=\dimen268
\interspacetitleboxruled=\dimen269
\algocf@ruledwidth=\skip86
\algocf@inoutbox=\box46
\algocf@inputbox=\box47
\AlCapSkip=\skip87
\AlCapHSkip=\skip88
\algoskipindent=\skip89
\algocf@nlbox=\box48
\algocf@hangingbox=\box49
\algocf@untilbox=\box50
\algocf@skipuntil=\skip90
\algocf@capbox=\box51
\algoheightruledefault=\skip91
\algoheightrule=\skip92
\algotitleheightruledefault=\skip93
\algotitleheightrule=\skip94
\c@algocfline=\count161
\c@algocfproc=\count162
\c@algocf=\count163
\algocf@algoframe=\box52
\algocf@algobox=\box53
) (/home/pnovotny/texlive/2016/texmf-dist/tex/latex/fp/fp.sty
Package: fp 1995/04/02

`Fixed Point Package', Version 0.8, April 2, 1995 (C) Michael Mehlich
(/home/pnovotny/texlive/2016/texmf-dist/tex/latex/fp/defpattern.sty
Package: defpattern 1994/10/12
\actioncount=\count164
)
(/home/pnovotny/texlive/2016/texmf-dist/tex/latex/fp/fp-basic.sty
Package: fp-basic 1996/05/13
\FP@xs=\count165
\FP@xia=\count166
\FP@xib=\count167
\FP@xfa=\count168
\FP@xfb=\count169
\FP@rega=\count170
\FP@regb=\count171
\FP@regs=\count172
\FP@times=\count173
)
(/home/pnovotny/texlive/2016/texmf-dist/tex/latex/fp/fp-addons.sty
Package: fp-addons 1995/03/15
)
(/home/pnovotny/texlive/2016/texmf-dist/tex/latex/fp/fp-snap.sty
Package: fp-snap 1995/04/05
)
(/home/pnovotny/texlive/2016/texmf-dist/tex/latex/fp/fp-exp.sty
Package: fp-exp 1995/04/03
)
(/home/pnovotny/texlive/2016/texmf-dist/tex/latex/fp/fp-trigo.sty
Package: fp-trigo 1995/04/14
)
(/home/pnovotny/texlive/2016/texmf-dist/tex/latex/fp/fp-pas.sty
Package: fp-pas 1994/08/29
)
(/home/pnovotny/texlive/2016/texmf-dist/tex/latex/fp/fp-random.sty
Package: fp-random 1995/02/23
\FPseed=\count174
)
(/home/pnovotny/texlive/2016/texmf-dist/tex/latex/fp/fp-eqn.sty
Package: fp-eqn 1995/04/03
)
(/home/pnovotny/texlive/2016/texmf-dist/tex/latex/fp/fp-upn.sty
Package: fp-upn 1996/10/21
)
(/home/pnovotny/texlive/2016/texmf-dist/tex/latex/fp/fp-eval.sty
Package: fp-eval 1995/04/03
))
(/home/pnovotny/texlive/2016/texmf-dist/tex/latex/listings/listings.sty
\lst@mode=\count175
\lst@gtempboxa=\box54
\lst@token=\toks50
\lst@length=\count176
\lst@currlwidth=\dimen270
\lst@column=\count177
\lst@pos=\count178
\lst@lostspace=\dimen271
\lst@width=\dimen272
\lst@newlines=\count179
\lst@lineno=\count180
\lst@maxwidth=\dimen273

(/home/pnovotny/texlive/2016/texmf-dist/tex/latex/listings/lstmisc.sty
File: lstmisc.sty 2015/06/04 1.6 (Carsten Heinz)
\c@lstnumber=\count181
\lst@skipnumbers=\count182
\lst@framebox=\box55
)
(/home/pnovotny/texlive/2016/texmf-dist/tex/latex/listings/listings.cfg
File: listings.cfg 2015/06/04 1.6 listings configuration
))
Package: listings 2015/06/04 1.6 (Carsten Heinz)

(/home/pnovotny/texlive/2016/texmf-dist/tex/latex/mathtools/mathtools.sty
Package: mathtools 2015/11/12 v1.18 mathematical typesetting tools

(/home/pnovotny/texlive/2016/texmf-dist/tex/latex/mathtools/mhsetup.sty
Package: mhsetup 2010/01/21 v1.2a programming setup (MH)
)
LaTeX Info: Thecontrolsequence`\('isalreadyrobust on input line 129.
LaTeX Info: Thecontrolsequence`\)'isalreadyrobust on input line 129.
LaTeX Info: Thecontrolsequence`\['isalreadyrobust on input line 129.
LaTeX Info: Thecontrolsequence`\]'isalreadyrobust on input line 129.
\g_MT_multlinerow_int=\count183
\l_MT_multwidth_dim=\dimen274
\origjot=\skip95
\l_MT_shortvdotswithinadjustabove_dim=\dimen275
\l_MT_shortvdotswithinadjustbelow_dim=\dimen276
\l_MT_above_intertext_sep=\dimen277
\l_MT_below_intertext_sep=\dimen278
\l_MT_above_shortintertext_sep=\dimen279
\l_MT_below_shortintertext_sep=\dimen280
)
(/home/pnovotny/texlive/2016/texmf-dist/tex/latex/multibib/multibib.sty
Package: multibib 2008/12/10 v1.4 Multiple bibliographies for one document.
\mb@biblabelwidth=\count184
)
(/home/pnovotny/texlive/2016/texmf-dist/tex/latex/sttools/flushend.sty
Package: flushend 2016/06/21 v3.2 Balancing columns in twocolumn mode
\flushend@@lastskip@a=\skip96
\flushend@@lastskip@b=\skip97
\flushend@@lastskip@c=\skip98
\flushend@@penalty@a=\count185
\flushend@@lastkern@a=\dimen281
\var@@temp@spread=\dimen282
\var@@temp@a=\dimen283
\flushend@@page@rule=\dimen284
\flushend@@varbox@a=\box56
\flushend@@varbox@c=\box57
\flushend@@tempbox@a=\box58
\flushend@@tempbox@c=\box59
\@viper=\box60
\hold@viper=\box61
\atColsBreak=\toks51
\atColsEnd=\toks52

(/home/pnovotny/texlive/2016/texmf-dist/tex/latex/etoolbox/etoolbox.sty
Package: etoolbox 2015/08/02 v2.2a e-TeX tools for LaTeX (JAW)
\etb@tempcnta=\count186
))
(/home/pnovotny/texlive/2016/texmf-dist/tex/generic/pgf/frontendlayer/tikz/libr
aries/tikzlibraryarrows.code.tex
File: tikzlibraryarrows.code.tex 2008/01/09 v3.0.1a (rcs-revision 1.1)

(/home/pnovotny/texlive/2016/texmf-dist/tex/generic/pgf/libraries/pgflibraryarr
ows.code.tex
File: pgflibraryarrows.code.tex 2013/09/23 v3.0.1a (rcs-revision 1.16)
\arrowsize=\dimen285
))
(/home/pnovotny/texlive/2016/texmf-dist/tex/generic/pgf/frontendlayer/tikz/libr
aries/tikzlibraryshapes.code.tex
File: tikzlibraryshapes.code.tex 2008/01/09 v3.0.1a (rcs-revision 1.1)

(/home/pnovotny/texlive/2016/texmf-dist/tex/generic/pgf/frontendlayer/tikz/libr
aries/tikzlibraryshapes.geometric.code.tex
File: tikzlibraryshapes.geometric.code.tex 2008/01/09 v3.0.1a (rcs-revision 1.1
)

(/home/pnovotny/texlive/2016/texmf-dist/tex/generic/pgf/libraries/shapes/pgflib
raryshapes.geometric.code.tex
File: pgflibraryshapes.geometric.code.tex 2008/06/26 v3.0.1a (rcs-revision 1.1)

))
(/home/pnovotny/texlive/2016/texmf-dist/tex/generic/pgf/frontendlayer/tikz/libr
aries/tikzlibraryshapes.misc.code.tex
File: tikzlibraryshapes.misc.code.tex 2008/01/09 v3.0.1a (rcs-revision 1.1)

(/home/pnovotny/texlive/2016/texmf-dist/tex/generic/pgf/libraries/shapes/pgflib
raryshapes.misc.code.tex
File: pgflibraryshapes.misc.code.tex 2013/07/18 v3.0.1a (rcs-revision 1.5)
))
(/home/pnovotny/texlive/2016/texmf-dist/tex/generic/pgf/frontendlayer/tikz/libr
aries/tikzlibraryshapes.symbols.code.tex
File: tikzlibraryshapes.symbols.code.tex 2008/01/09 v3.0.1a (rcs-revision 1.1)

(/home/pnovotny/texlive/2016/texmf-dist/tex/generic/pgf/libraries/shapes/pgflib
raryshapes.symbols.code.tex
File: pgflibraryshapes.symbols.code.tex 2013/09/11 v3.0.1a (rcs-revision 1.6)
))
(/home/pnovotny/texlive/2016/texmf-dist/tex/generic/pgf/frontendlayer/tikz/libr
aries/tikzlibraryshapes.arrows.code.tex
File: tikzlibraryshapes.arrows.code.tex 2008/01/09 v3.0.1a (rcs-revision 1.1)

(/home/pnovotny/texlive/2016/texmf-dist/tex/generic/pgf/libraries/shapes/pgflib
raryshapes.arrows.code.tex
File: pgflibraryshapes.arrows.code.tex 2008/06/26 v3.0.1a (rcs-revision 1.1)
))
(/home/pnovotny/texlive/2016/texmf-dist/tex/generic/pgf/frontendlayer/tikz/libr
aries/tikzlibraryshapes.callouts.code.tex
(/home/pnovotny/texlive/2016/texmf-dist/tex/generic/pgf/libraries/shapes/pgflib
raryshapes.callouts.code.tex))
(/home/pnovotny/texlive/2016/texmf-dist/tex/generic/pgf/frontendlayer/tikz/libr
aries/tikzlibraryshapes.multipart.code.tex
File: tikzlibraryshapes.multipart.code.tex 2008/01/09 v3.0.1a (rcs-revision 1.1
)

(/home/pnovotny/texlive/2016/texmf-dist/tex/generic/pgf/libraries/shapes/pgflib
raryshapes.multipart.code.tex
File: pgflibraryshapes.multipart.code.tex 2010/01/07 v3.0.1a (rcs-revision 1.2)

\pgfnodepartlowerbox=\box62
\pgfnodeparttwobox=\box63
\pgfnodepartthreebox=\box64
\pgfnodepartfourbox=\box65
\pgfnodeparttwentybox=\box66
\pgfnodepartnineteenbox=\box67
\pgfnodeparteighteenbox=\box68
\pgfnodepartseventeenbox=\box69
\pgfnodepartsixteenbox=\box70
\pgfnodepartfifteenbox=\box71
\pgfnodepartfourteenbox=\box72
\pgfnodepartthirteenbox=\box73
\pgfnodeparttwelvebox=\box74
\pgfnodepartelevenbox=\box75
\pgfnodeparttenbox=\box76
\pgfnodepartninebox=\box77
\pgfnodeparteightbox=\box78
\pgfnodepartsevenbox=\box79
\pgfnodepartsixbox=\box80
\pgfnodepartfivebox=\box81
)))
(/home/pnovotny/texlive/2016/texmf-dist/tex/generic/pgf/frontendlayer/tikz/libr
aries/tikzlibrarycalc.code.tex
File: tikzlibrarycalc.code.tex 2013/07/15 v3.0.1a (rcs-revision 1.9)
)
(/home/pnovotny/texlive/2016/texmf-dist/tex/generic/pgf/frontendlayer/tikz/libr
aries/tikzlibraryautomata.code.tex
File: tikzlibraryautomata.code.tex 2008/07/14 v3.0.1a (rcs-revision 1.3)
)
(/home/pnovotny/texlive/2016/texmf-dist/tex/generic/pgf/frontendlayer/tikz/libr
aries/tikzlibrarypositioning.code.tex
File: tikzlibrarypositioning.code.tex 2008/10/06 v3.0.1a (rcs-revision 1.7)
)
(/home/pnovotny/texlive/2016/texmf-dist/tex/latex/todonotes/todonotes.sty
Package: todonotes 2015/07/09 .dtx Todonotes source and documentation.
Package: todonotes 2012/07/25
\c@@todonotes@numberoftodonotes=\count187
)
\@auxoutadd=\write6

(./add.aux)
\openout6 = `add.aux'.

 (./main.aux)
\openout1 = `main.aux'.

LaTeX Font Info:    Checking defaults for OML/nxlmi/m/it on input line 425.
LaTeX Font Info:    Try loading font information for OML+nxlmi on input line 42
5.

(/home/pnovotny/texlive/2016/texmf-dist/tex/latex/newtx/omlnxlmi.fd
File: omlnxlmi.fd 2013/11/19 Fontinst v1.933 font definitions for OML/nxlmi.
)
LaTeX Font Info:    ... okay on input line 425.
LaTeX Font Info:    Checking defaults for T1/cmr/m/n on input line 425.
LaTeX Font Info:    ... okay on input line 425.
LaTeX Font Info:    Checking defaults for OT1/cmr/m/n on input line 425.
LaTeX Font Info:    ... okay on input line 425.
LaTeX Font Info:    Checking defaults for OMS/cmsy/m/n on input line 425.
LaTeX Font Info:    ... okay on input line 425.
LaTeX Font Info:    Checking defaults for OMX/cmex/m/n on input line 425.
LaTeX Font Info:    ... okay on input line 425.
LaTeX Font Info:    Checking defaults for U/ntxexa/m/n on input line 425.
LaTeX Font Info:    Try loading font information for U+ntxexa on input line 425
.

(/home/pnovotny/texlive/2016/texmf-dist/tex/latex/newtx/untxexa.fd
File: untxexa.fd 2012/04/16 Fontinst v1.933 font definitions for U/ntxexa.
)
LaTeX Font Info:    ... okay on input line 425.
LaTeX Font Info:    Checking defaults for PD1/pdf/m/n on input line 425.
LaTeX Font Info:    ... okay on input line 425.
LaTeX Font Info:    Checking defaults for PU/pdf/m/n on input line 425.
LaTeX Font Info:    ... okay on input line 425.
LaTeX Font Info:    Checking defaults for TS1/cmr/m/n on input line 425.
LaTeX Font Info:    Try loading font information for TS1+cmr on input line 425.


(/home/pnovotny/texlive/2016/texmf-dist/tex/latex/base/ts1cmr.fd
File: ts1cmr.fd 2014/09/29 v2.5h Standard LaTeX font definitions
)
LaTeX Font Info:    ... okay on input line 425.
LaTeX Font Info:    Checking defaults for LMS/ntxsy/m/n on input line 425.
LaTeX Font Info:    Try loading font information for LMS+ntxsy on input line 42
5.

(/home/pnovotny/texlive/2016/texmf-dist/tex/latex/newtx/lmsntxsy.fd
File: lmsntxsy.fd 2016/07/02 Fontinst v1.933 font definitions for LMS/ntxsy.
)
LaTeX Font Info:    ... okay on input line 425.
LaTeX Font Info:    Checking defaults for LMX/ntxexx/m/n on input line 425.
LaTeX Font Info:    Try loading font information for LMX+ntxexx on input line 4
25.

(/home/pnovotny/texlive/2016/texmf-dist/tex/latex/newtx/lmxntxexx.fd
File: lmxntxexx.fd 2016/07/03 Fontinst v1.933 font definitions for LMX/ntxexx.
)
LaTeX Font Info:    ... okay on input line 425.
LaTeX Font Info:    Font shape `T1/LinuxLibertineT-TLF/m/n' will be
(Font)              scaled to size 8.0pt on input line 425.
LaTeX Font Info:    Try loading font information for OT1+LinuxLibertineT-TLF on
 input line 425.

(/home/pnovotny/texlive/2016/texmf-dist/tex/latex/libertine/OT1LinuxLibertineT-
TLF.fd
File: OT1LinuxLibertineT-TLF.fd 2012/11/26 (autoinst) Font definitions for OT1/
LinuxLibertineT-TLF.
)
LaTeX Font Info:    Font shape `OT1/LinuxLibertineT-TLF/m/n' will be
(Font)              scaled to size 8.0pt on input line 425.
<<ot1.cmap>>
LaTeX Font Info:    Font shape `OT1/LinuxLibertineT-TLF/m/n' will be
(Font)              scaled to size 6.2pt on input line 425.
LaTeX Font Info:    Font shape `OT1/LinuxLibertineT-TLF/m/n' will be
(Font)              scaled to size 5.5pt on input line 425.
<<oml.cmap>>
LaTeX Font Info:    Try loading font information for U+msa on input line 425.

(/home/pnovotny/texlive/2016/texmf-dist/tex/latex/amsfonts/umsa.fd
File: umsa.fd 2013/01/14 v3.01 AMS symbols A
)
LaTeX Font Info:    Try loading font information for U+msb on input line 425.

(/home/pnovotny/texlive/2016/texmf-dist/tex/latex/amsfonts/umsb.fd
File: umsb.fd 2013/01/14 v3.01 AMS symbols B
)
LaTeX Font Info:    Try loading font information for U+ntxmia on input line 425
.

(/home/pnovotny/texlive/2016/texmf-dist/tex/latex/newtx/untxmia.fd
File: untxmia.fd 2012/04/16 Fontinst v1.933 font definitions for U/ntxmia.
)
LaTeX Font Info:    Try loading font information for U+ntxsym on input line 425
.

(/home/pnovotny/texlive/2016/texmf-dist/tex/latex/newtx/untxsym.fd
File: untxsym.fd 2015/03/20 Fontinst v1.933 font definitions for U/ntxsym.
)
LaTeX Font Info:    Try loading font information for U+ntxsyc on input line 425
.

(/home/pnovotny/texlive/2016/texmf-dist/tex/latex/newtx/untxsyc.fd
File: untxsyc.fd 2012/04/12 Fontinst v1.933 font definitions for U/ntxsyc.
)
LaTeX Font Info:    Try loading font information for U+stmry on input line 425.


(/home/pnovotny/texlive/2016/texmf-dist/tex/latex/stmaryrd/Ustmry.fd)

LaTeX Font Warning: Font shape `U/stmry/m/n' in size <5.5> not available
(Font)              size <5> substituted on input line 425.

LaTeX Info: Redefining \microtypecontext on input line 425.
Package microtype Info: Generating PDF output.
Package microtype Info: Character protrusion enabled (level 2).
Package microtype Info: Using default protrusion set `alltext'.
Package microtype Info: Automatic font expansion enabled (level 2),
(microtype)             stretch: 20, shrink: 20, step: 1, non-selected.
Package microtype Info: Using default expansion set `basictext'.
Package microtype Info: No adjustment of tracking.
Package microtype Info: No adjustment of interword spacing.
Package microtype Info: No adjustment of character kerning.
Package microtype Info: Loading generic settings for font family
(microtype)             `LinuxLibertineT-TLF' (encoding: T1).
(microtype)             For optimal results, create family-specific settings.
(microtype)             See the microtype manual for details.
ABD: EveryShipout initializing macros
\AtBeginShipoutBox=\box82
Package hyperref Info: Link coloring OFF on input line 425.

(/home/pnovotny/texlive/2016/texmf-dist/tex/latex/hyperref/nameref.sty
Package: nameref 2016/05/21 v2.44 Cross-referencing by name of section

(/home/pnovotny/texlive/2016/texmf-dist/tex/generic/oberdiek/gettitlestring.sty
Package: gettitlestring 2016/05/16 v1.5 Cleanup title references (HO)
)
\c@section@level=\count188
)
LaTeX Info: Redefining \ref on input line 425.
LaTeX Info: Redefining \pageref on input line 425.
LaTeX Info: Redefining \nameref on input line 425.
 (./main.out) (./main.out)
\@outlinefile=\write7
\openout7 = `main.out'.


(/home/pnovotny/texlive/2016/texmf-dist/tex/context/base/mkii/supp-pdf.mkii
[Loading MPS to PDF converter (version 2006.09.02).]
\scratchcounter=\count189
\scratchdimen=\dimen286
\scratchbox=\box83
\nofMPsegments=\count190
\nofMParguments=\count191
\everyMPshowfont=\toks53
\MPscratchCnt=\count192
\MPscratchDim=\dimen287
\MPnumerator=\count193
\makeMPintoPDFobject=\count194
\everyMPtoPDFconversion=\toks54
) (/home/pnovotny/texlive/2016/texmf-dist/tex/latex/oberdiek/epstopdf-base.sty
Package: epstopdf-base 2016/05/15 v2.6 Base part for package epstopdf

(/home/pnovotny/texlive/2016/texmf-dist/tex/latex/oberdiek/grfext.sty
Package: grfext 2016/05/16 v1.2 Manage graphics extensions (HO)
)
Package epstopdf-base Info: Redefining graphics rule for `.eps' on input line 4
38.
Package grfext Info: Graphics extension search list:
(grfext)             [.png,.pdf,.jpg,.mps,.jpeg,.jbig2,.jb2,.PNG,.PDF,.JPG,.JPE
G,.JBIG2,.JB2,.eps]
(grfext)             \AppendGraphicsExtensions on input line 456.

(/home/pnovotny/texlive/2016/texmf-dist/tex/latex/latexconfig/epstopdf-sys.cfg
File: epstopdf-sys.cfg 2010/07/13 v1.3 Configuration of (r)epstopdf for TeX Liv
e
))
*geometry* driver: auto-detecting
*geometry* detected driver: pdftex
*geometry* verbose mode - [ preamble ] result:
* driver: pdftex
* paper: custom
* layout: <same size as paper>
* layoutoffset:(h,v)=(0.0pt,0.0pt)
* modes: includehead includefoot twoside 
* h-part:(L,W,R)=(46.0pt, 395.8225pt, 46.0pt)
* v-part:(T,H,B)=(58.0pt, 620.7pt, 44.0pt)
* \paperwidth=487.8225pt
* \paperheight=722.7pt
* \textwidth=395.8225pt
* \textheight=569.7pt
* \oddsidemargin=-26.26999pt
* \evensidemargin=-26.26999pt
* \topmargin=-14.26999pt
* \headheight=13.0pt
* \headsep=14.0pt
* \topskip=10.0pt
* \footskip=24.0pt
* \marginparwidth=24.0pt
* \marginparsep=11.0pt
* \columnsep=10.0pt
* \skip\footins=7.0pt plus 11.0pt
* \hoffset=0.0pt
* \voffset=0.0pt
* \mag=1000
* \@twocolumnfalse
* \@twosidetrue
* \@mparswitchtrue
* \@reversemarginfalse
* (1in=72.27pt=25.4mm, 1cm=28.453pt)

\c@mv@tabular=\count195
\c@mv@boldtabular=\count196
(/home/pnovotny/texlive/2016/texmf-dist/tex/latex/upquote/upquote.sty
Package: upquote 2012/04/19 v1.3 upright-quote and grave-accent glyphs in verba
tim
)
Package caption Info: Begin \AtBeginDocument code.
Package caption Info: float package is loaded.
Package caption Info: listings package is loaded.
Package caption Info: End \AtBeginDocument code.


Package pgfplots Warning: running in backwards compatibility mode (unsuitable t
ick labels; missing features). Consider writing \pgfplotsset{compat=1.14} into 
your preamble.
 on input line 425.

\c@lstlisting=\count197
LaTeX Font Info:    Font shape `T1/LinuxLibertineT-TLF/m/n' will be
(Font)              scaled to size 14.4pt on input line 459.
LaTeX Font Info:    Font shape `T1/LinuxLibertineT-TLF/b/n' will be
(Font)              scaled to size 14.4pt on input line 459.
LaTeX Font Info:    Try loading font information for T1+LinuxBiolinumT-TLF on i
nput line 459.

(/home/pnovotny/texlive/2016/texmf-dist/tex/latex/libertine/T1LinuxBiolinumT-TL
F.fd
File: T1LinuxBiolinumT-TLF.fd 2012/11/26 (autoinst) Font definitions for T1/Lin
uxBiolinumT-TLF.
)
LaTeX Font Info:    Font shape `T1/LinuxBiolinumT-TLF/bx/n' in size <14.4> not 
available
(Font)              Font shape `T1/LinuxBiolinumT-TLF/b/n' tried instead on inp
ut line 459.
LaTeX Font Info:    Font shape `T1/LinuxBiolinumT-TLF/b/n' will be
(Font)              scaled to size 14.4pt on input line 459.
Package microtype Info: Loading generic settings for font family
(microtype)             `LinuxBiolinumT-TLF' (encoding: T1).
(microtype)             For optimal results, create family-specific settings.
(microtype)             See the microtype manual for details.
LaTeX Font Info:    Font shape `T1/LinuxBiolinumT-TLF/m/n' will be
(Font)              scaled to size 14.4pt on input line 459.
LaTeX Font Info:    Font shape `T1/LinuxLibertineT-TLF/m/n' will be
(Font)              scaled to size 10.95pt on input line 459.
LaTeX Font Info:    Font shape `T1/LinuxBiolinumT-TLF/m/n' will be
(Font)              scaled to size 10.95pt on input line 459.
LaTeX Font Info:    Try loading font information for TS1+LinuxLibertineT-TLF on
 input line 459.

(/home/pnovotny/texlive/2016/texmf-dist/tex/latex/libertine/TS1LinuxLibertineT-
TLF.fd
File: TS1LinuxLibertineT-TLF.fd 2012/11/26 (autoinst) Font definitions for TS1/
LinuxLibertineT-TLF.
)
LaTeX Font Info:    Font shape `TS1/LinuxLibertineT-TLF/m/n' will be
(Font)              scaled to size 8.0pt on input line 459.
Package microtype Info: Loading generic settings for font family
(microtype)             `LinuxLibertineT-TLF' (encoding: TS1).
(microtype)             For optimal results, create family-specific settings.
(microtype)             See the microtype manual for details.
LaTeX Font Info:    Font shape `T1/LinuxLibertineT-TLF/m/n' will be
(Font)              scaled to size 9.0pt on input line 459.
LaTeX Font Info:    Font shape `T1/LinuxLibertineT-TLF/b/n' will be
(Font)              scaled to size 9.0pt on input line 459.
LaTeX Font Info:    Font shape `T1/LinuxLibertineT-TLF/m/it' will be
(Font)              scaled to size 9.0pt on input line 459.
LaTeX Font Info:    Font shape `OT1/LinuxLibertineT-TLF/m/n' will be
(Font)              scaled to size 9.0pt on input line 459.
Package microtype Info: Loading generic settings for font family
(microtype)             `LinuxLibertineT-TLF' (encoding: OT1).
(microtype)             For optimal results, create family-specific settings.
(microtype)             See the microtype manual for details.
LaTeX Font Info:    Font shape `OT1/LinuxLibertineT-TLF/m/n' will be
(Font)              scaled to size 7.3pt on input line 459.
 (/home/pnovotny/texlive/2016/texmf-dist/tex/latex/microtype/mt-msa.cfg
File: mt-msa.cfg 2006/02/04 v1.1 microtype config. file: AMS symbols (a) (RS)
) (/home/pnovotny/texlive/2016/texmf-dist/tex/latex/microtype/mt-msb.cfg
File: mt-msb.cfg 2005/06/01 v1.0 microtype config. file: AMS symbols (b) (RS)
)

Package hyperref Warning: Token not allowed in a PDF string (Unicode):
(hyperref)                removing `\\' on input line 459.


Class acmart Warning: The command \terms{} is obsolete. I am going to ignore it
 on input line 464.

(./prelims.tex
LaTeX Font Info:    Font shape `T1/LinuxBiolinumT-TLF/m/n' will be
(Font)              scaled to size 10.0pt on input line 3.
LaTeX Font Info:    Font shape `T1/LinuxBiolinumT-TLF/bx/n' in size <10> not av
ailable
(Font)              Font shape `T1/LinuxBiolinumT-TLF/b/n' tried instead on inp
ut line 3.
LaTeX Font Info:    Font shape `T1/LinuxBiolinumT-TLF/b/n' will be
(Font)              scaled to size 10.0pt on input line 3.
LaTeX Font Info:    Font shape `OT1/LinuxLibertineT-TLF/m/n' will be
(Font)              scaled to size 10.0pt on input line 8.
LaTeX Font Info:    Font shape `OT1/LinuxLibertineT-TLF/sb/n' will be
(Font)              scaled to size 10.0pt on input line 13.
LaTeX Font Info:    Font shape `OT1/LinuxLibertineT-TLF/sb/n' will be
(Font)              scaled to size 7.3pt on input line 13.
LaTeX Font Info:    Font shape `OT1/LinuxLibertineT-TLF/sb/n' will be
(Font)              scaled to size 5.5pt on input line 13.
LaTeX Font Info:    Font shape `T1/LinuxLibertineT-TLF/m/it' will be
(Font)              scaled to size 10.0pt on input line 30.
 [1.1{/home/pnovotny/texlive/2016/texmf-var/fonts/map/pdftex/updmap/pdftex.map}
]
LaTeX Font Info:    Font shape `T1/LinuxLibertineT-TLF/m/sc' will be
(Font)              scaled to size 10.0pt on input line 90.
LaTeX Font Info:    Font shape `T1/LinuxLibertineT-TLF/b/n' will be
(Font)              scaled to size 10.0pt on input line 98.
LaTeX Font Info:    Font shape `T1/LinuxLibertineT-TLF/m/n' will be
(Font)              scaled to size 7.3pt on input line 98.
LaTeX Font Info:    Font shape `T1/LinuxLibertineT-TLF/m/n' will be
(Font)              scaled to size 5.5pt on input line 98.
 [2.2]
LaTeX Font Info:    Font shape `OT1/LinuxLibertineT-TLF/m/it' will be
(Font)              scaled to size 10.0pt on input line 190.
LaTeX Font Info:    Font shape `OT1/LinuxLibertineT-TLF/m/it' will be
(Font)              scaled to size 7.3pt on input line 190.
LaTeX Font Info:    Font shape `OT1/LinuxLibertineT-TLF/m/it' will be
(Font)              scaled to size 5.5pt on input line 190.
LaTeX Font Info:    Font shape `OT1/LinuxLibertineT-TLF/sb/n' will be
(Font)              scaled to size 8.0pt on input line 254.
LaTeX Font Info:    Font shape `OT1/LinuxLibertineT-TLF/sb/n' will be
(Font)              scaled to size 6.2pt on input line 254.
LaTeX Font Info:    Font shape `OT1/LinuxLibertineT-TLF/m/it' will be
(Font)              scaled to size 8.0pt on input line 254.
LaTeX Font Info:    Font shape `OT1/LinuxLibertineT-TLF/m/it' will be
(Font)              scaled to size 6.2pt on input line 254.
LaTeX Font Info:    Font shape `T1/LinuxLibertineT-TLF/m/n' will be
(Font)              scaled to size 6.2pt on input line 254.
LaTeX Font Info:    Font shape `T1/LinuxLibertineT-TLF/m/it' will be
(Font)              scaled to size 8.0pt on input line 254.


Package Fancyhdr Warning: \headheight is too small (13.0pt): 
 Make it at least 22.47003pt.
 We now make it that large for the rest of the document.
 This may cause the page layout to be inconsistent, however.

[3.3] [4.4]

Package natbib Warning: Citation `CNZ16:prob-invariants-arxiv' on page 5 undefi
ned on input line 573.


Package Fancyhdr Warning: \headheight is too small (13.0pt): 
 Make it at least 22.47003pt.
 We now make it that large for the rest of the document.
 This may cause the page layout to be inconsistent, however.

[5.5]
\invrun=\box84
LaTeX Font Info:    Font shape `T1/LinuxLibertineT-TLF/m/n' will be
(Font)              scaled to size 7.0pt on input line 1061.
LaTeX Font Info:    Font shape `T1/LinuxBiolinumT-TLF/m/n' will be
(Font)              scaled to size 9.0pt on input line 1101.
LaTeX Font Info:    Font shape `T1/LinuxLibertineT-TLF/m/sc' will be
(Font)              scaled to size 9.0pt on input line 1101.
LaTeX Font Info:    Font shape `OT1/LinuxLibertineT-TLF/sb/n' will be
(Font)              scaled to size 9.0pt on input line 1101.
LaTeX Font Info:    Font shape `OT1/LinuxLibertineT-TLF/m/it' will be
(Font)              scaled to size 9.0pt on input line 1101.
) (./invariants-martingales.tex [6.6]

Package natbib Warning: Citation `BEFH16:doob-decomposition' on page 7 undefine
d on input line 89.


Package Fancyhdr Warning: \headheight is too small (13.0pt): 
 Make it at least 22.47003pt.
 We now make it that large for the rest of the document.
 This may cause the page layout to be inconsistent, however.

[7.7] [8.8]
\nonterm=\box85


Package Fancyhdr Warning: \headheight is too small (13.0pt): 
 Make it at least 22.47003pt.
 We now make it that large for the rest of the document.
 This may cause the page layout to be inconsistent, however.

[9.9]) (./main.bbl [10.10])

Package natbib Warning: There were undefined citations.


Package Fancyhdr Warning: \headheight is too small (13.0pt): 
 Make it at least 22.47003pt.
 We now make it that large for the rest of the document.
 This may cause the page layout to be inconsistent, however.

[11.11]
Package atveryend Info: Empty hook `BeforeClearDocument' on input line 505.
Package atveryend Info: Empty hook `AfterLastShipout' on input line 505.
 (./main.aux)
Package atveryend Info: Executing hook `AtVeryEndDocument' on input line 505.
Package atveryend Info: Executing hook `AtEndAfterFileList' on input line 505.
Package rerunfilecheck Info: File `main.out' has not changed.
(rerunfilecheck)             Checksum: B2BE36CD148050A5186F49622B288FD2;2032.


LaTeX Font Warning: Size substitutions with differences
(Font)              up to 0.5pt have occurred.

Package atveryend Info: Empty hook `AtVeryVeryEnd' on input line 505.
 )
(\end occurred inside a group at level 1)

### simple group (level 1) entered at line 1061 ({)
### bottom level 
Here is how much of TeX's memory you used:
 44249 strings out of 493644
 953365 string characters out of 6150875
 1179640 words of memory out of 5000000
 46134 multiletter control sequences out of 15000+600000
 251578 words of font info for 508 fonts, out of 8000000 for 9000
 944 hyphenation exceptions out of 8191
 62i,17n,96p,904b,6946s stack positions out of 5000i,500n,10000p,200000b,80000s
{/home/pnovotny/texlive/2016/texmf-dist/fonts/enc/dvips/liberti
ne/lbtn_xogrpz.enc}{/home/pnovotny/texlive/2016/texmf-dist/fonts/enc/dvips/newt
x/libertinealt.enc}{/home/pnovotny/texlive/2016/texmf-dist/fonts/enc/dvips/libe
rtine/lbtn_ncsllp.enc}{/home/pnovotny/texlive/2016/texmf-dist/fonts/enc/dvips/l
ibertine/lbtn_naooyc.enc}{/home/pnovotny/texlive/2016/texmf-dist/fonts/enc/dvip
s/libertine/lbtn_7grukw.enc}{/home/pnovotny/texlive/2016/texmf-dist/fonts/enc/d
vips/libertine/lbtn_ehpgim.enc}{/home/pnovotny/texlive/2016/texmf-dist/fonts/en
c/dvips/libertine/lbtn_c7kyj5.enc}{/home/pnovotny/texlive/2016/texmf-dist/fonts
/enc/dvips/base/8r.enc}{/home/pnovotny/texlive/2016/texmf-dist/fonts/enc/dvips/
libertine/lbtn_76gpa5.enc}{/home/pnovotny/texlive/2016/texmf-dist/fonts/enc/dvi
ps/libertine/lbtn_nh77jq.enc}{/home/pnovotny/texlive/2016/texmf-dist/fonts/enc/
dvips/libertine/lbtn_25tcsq.enc}</home/pnovotny/texlive/2016/texmf-dist/fonts/t
ype1/public/libertine/LinBiolinumT.pfb></home/pnovotny/texlive/2016/texmf-dist/
fonts/type1/public/libertine/LinBiolinumTB.pfb></home/pnovotny/texlive/2016/tex
mf-dist/fonts/type1/public/libertine/LinLibertineT.pfb></home/pnovotny/texlive/
2016/texmf-dist/fonts/type1/public/libertine/LinLibertineTB.pfb></home/pnovotny
/texlive/2016/texmf-dist/fonts/type1/public/libertine/LinLibertineTI.pfb></home
/pnovotny/texlive/2016/texmf-dist/fonts/type1/public/libertine/LinLibertineTZ.p
fb></home/pnovotny/texlive/2016/texmf-dist/fonts/type1/public/newtx/fxlri-5lett
ers.pfb></home/pnovotny/texlive/2016/texmf-dist/fonts/type1/public/newtx/fxlri-
7letters.pfb></home/pnovotny/texlive/2016/texmf-dist/fonts/type1/public/txfonts
/rtxmi.pfb></home/pnovotny/texlive/2016/texmf-dist/fonts/type1/public/newtx/rtx
mi7.pfb></home/pnovotny/texlive/2016/texmf-dist/fonts/type1/public/txfonts/rtxr
.pfb></home/pnovotny/texlive/2016/texmf-dist/fonts/type1/public/stmaryrd/stmary
10.pfb></home/pnovotny/texlive/2016/texmf-dist/fonts/type1/public/newtx/txexs.p
fb></home/pnovotny/texlive/2016/texmf-dist/fonts/type1/public/txfonts/txsyb.pfb
></home/pnovotny/texlive/2016/texmf-dist/fonts/type1/public/txfonts/txsyc.pfb><
/home/pnovotny/texlive/2016/texmf-dist/fonts/type1/public/newtx/txsys.pfb></hom
e/pnovotny/texlive/2016/texmf-dist/fonts/type1/public/newtx/zxlr.pfb></home/pno
votny/texlive/2016/texmf-dist/fonts/type1/public/newtx/zxlri.pfb>
Output written on main.pdf (11 pages, 736541 bytes).
PDF statistics:
 321 PDF objects out of 1000 (max. 8388607)
 260 compressed objects within 3 object streams
 73 named destinations out of 1000 (max. 500000)
 76897 words of extra memory for PDF output out of 89155 (max. 10000000)

